2026-06-14 03:03:26,954 - INFO - 目录初始化完成
2026-06-14 03:03:26,959 - INFO - 加载挖掘方法配置：alpha_jungle_mcts (/data/aj/Alpha-Factor-Mining/method_config/alpha_jungle_mcts_cosine.yaml)
2026-06-14 03:03:26,959 - INFO - 挖掘方法详情：method=alpha_jungle_mcts, params={'search_budget': 24, 'example_count': 3, 'repository_seed_count': 20, 'uct_c': 0.7, 'adaptive_uct': True, 'uct_c_max': 1.0, 'uct_c_min': 0.5, 'uct_decay': 'cosine', 'dimension_temperature': 0.45, 'target_dimensions': ['effectiveness', 'diversity', 'stability', 'turnover', 'overfit'], 'multi_reward_uct': True, 'reward_schedule': {'early': {'progress_end': 0.35, 'weights': {'effectiveness': 0.1, 'diversity': 0.35, 'stability': 0.15, 'turnover': 0.15, 'overfit': 0.25}, 'dimension_temperature': 0.7}, 'middle': {'progress_end': 0.7, 'weights': {'effectiveness': 0.3, 'diversity': 0.25, 'stability': 0.2, 'turnover': 0.125, 'overfit': 0.125}, 'dimension_temperature': 0.45}, 'late': {'progress_end': 1.0, 'weights': {'effectiveness': 0.45, 'diversity': 0.05, 'stability': 0.25, 'turnover': 0.15, 'overfit': 0.1}, 'dimension_temperature': 0.25}}, 'q_mean_weight': 0.3, 'q_max_weight': 0.7, 'final_reward_weights': {'effectiveness': 0.5, 'diversity': 0.1, 'stability': 0.25, 'turnover': 0.1}, 'top_forbidden_subtrees': 5, 'min_forbidden_subtree_size': 3, 'enforce_forbidden_subtrees': True, 'max_tree_depth': 4, 'max_correction_rounds': 2, 'min_non_null_ratio': 0.05, 'max_operator_count': 12, 'enforce_baseline_diversity': True, 'repository_similarity_cap': 0.85, 'effective_reward_threshold': 0.58, 'repo_ic_threshold': 0.015, 'mcts_ic_ir_scale': 0.6, 'mcts_sharpe_scale': 1.2, 'turnover_scale': 1.5, 'max_symbolic_length': 28, 'max_free_params': 6, 'max_features': 5, 'max_depth': 7, 'apply_mmr': True}
2026-06-14 03:03:26,961 - INFO - 加载验证配置：full_domain (/data/aj/Alpha-Factor-Mining/validation_config/full_domain.yaml)
2026-06-14 03:03:26,961 - INFO - 验证配置详情：hooks=['plain_ic_metrics'], train_filter=2, validation_filter=2
2026-06-14 03:03:26,961 - INFO - train_filter 为空，默认继承 validation_filter
2026-06-14 03:03:26,961 - INFO - 加载基础数据...
2026-06-14 03:05:08,782 - INFO - 目录初始化完成
2026-06-14 03:05:08,788 - INFO - 加载挖掘方法配置：alpha_jungle_mcts (/data/aj/Alpha-Factor-Mining/method_config/alpha_jungle_mcts_cosine.yaml)
2026-06-14 03:05:08,788 - INFO - 挖掘方法详情：method=alpha_jungle_mcts, params={'search_budget': 24, 'example_count': 3, 'repository_seed_count': 20, 'uct_c': 0.7, 'adaptive_uct': True, 'uct_c_max': 1.0, 'uct_c_min': 0.5, 'uct_decay': 'cosine', 'dimension_temperature': 0.45, 'target_dimensions': ['effectiveness', 'diversity', 'stability', 'turnover', 'overfit'], 'multi_reward_uct': True, 'reward_schedule': {'early': {'progress_end': 0.35, 'weights': {'effectiveness': 0.1, 'diversity': 0.35, 'stability': 0.15, 'turnover': 0.15, 'overfit': 0.25}, 'dimension_temperature': 0.7}, 'middle': {'progress_end': 0.7, 'weights': {'effectiveness': 0.3, 'diversity': 0.25, 'stability': 0.2, 'turnover': 0.125, 'overfit': 0.125}, 'dimension_temperature': 0.45}, 'late': {'progress_end': 1.0, 'weights': {'effectiveness': 0.45, 'diversity': 0.05, 'stability': 0.25, 'turnover': 0.15, 'overfit': 0.1}, 'dimension_temperature': 0.25}}, 'q_mean_weight': 0.3, 'q_max_weight': 0.7, 'final_reward_weights': {'effectiveness': 0.5, 'diversity': 0.1, 'stability': 0.25, 'turnover': 0.1}, 'top_forbidden_subtrees': 5, 'min_forbidden_subtree_size': 3, 'enforce_forbidden_subtrees': True, 'max_tree_depth': 4, 'max_correction_rounds': 2, 'min_non_null_ratio': 0.05, 'max_operator_count': 12, 'enforce_baseline_diversity': True, 'repository_similarity_cap': 0.85, 'effective_reward_threshold': 0.58, 'repo_ic_threshold': 0.015, 'mcts_ic_ir_scale': 0.6, 'mcts_sharpe_scale': 1.2, 'turnover_scale': 1.5, 'max_symbolic_length': 28, 'max_free_params': 6, 'max_features': 5, 'max_depth': 7, 'apply_mmr': True}
2026-06-14 03:05:08,790 - INFO - 加载验证配置：full_domain (/data/aj/Alpha-Factor-Mining/validation_config/full_domain.yaml)
2026-06-14 03:05:08,790 - INFO - 验证配置详情：hooks=['plain_ic_metrics'], train_filter=2, validation_filter=2
2026-06-14 03:05:08,790 - INFO - train_filter 为空，默认继承 validation_filter
2026-06-14 03:05:08,790 - INFO - 加载基础数据...
2026-06-14 03:05:14,264 - INFO - 数据加载完成：7 个字段，31 个算子
2026-06-14 03:05:14,265 - INFO - ========== 启动自动化因子挖掘系统 ==========
2026-06-14 03:05:14,265 - INFO - 配置：{'data_path': '/data/aj/Alpha-Factor-Mining/量价data2000', 'metrics_save_path': '/data/aj/Alpha-Factor-Mining/results/metrics', 'factors_save_path': '/data/aj/Alpha-Factor-Mining/results/factors', 'log_path': '/data/aj/Alpha-Factor-Mining/logs', 'checkpoint_path': '/data/aj/Alpha-Factor-Mining/checkpoints', 'method_config': './method_config/alpha_jungle_mcts_cosine.yaml', 'validation_config': '/data/aj/Alpha-Factor-Mining/validation_config/full_domain.yaml', 'start_date': '20100101', 'end_date': '20191231', 'factors_per_cycle': 20, 'window': [5, 10, 20, 30, 60], 'correlation_threshold': 0.7, 'mmr_lambda': 0.9, 'mmr_threshold': 1.0, 'cs_weight': 0.5, 'ts_weight': 0.5, 'validation_start_date': '20200101', 'validation_end_date': '20250430', 'validation_min_ic_abs': 0.04, 'validation_min_long_ret': 0.045, 'validation_max_correlation': 0.7, 'n_jobs': 10, 'cycle_interval': 0, 'error_wait': 3, 'max_cycles': 20, 'max_hours': 8.0}
2026-06-14 03:05:14,265 - INFO - ===== 开始第 1 轮循环 (20260614_030514) =====
2026-06-14 03:05:14,265 - INFO - AlphaJungleMCTS 样本内挖掘启动：search_budget=24, uct_c=0.7, top_forbidden_subtrees=5
2026-06-14 03:05:42,175 - INFO - 自适应 UCT 已启用：C_max=1.0, C_min=0.5, decay=cosine
2026-06-14 03:17:55,721 - INFO - AlphaJungleMCTS 训练期 alpha-20260614_030514_MCTS_023 未通过筛选：ic_20_mean=0.0235 未满足 abs_gt 0.04
2026-06-14 03:18:00,705 - INFO - AlphaJungleMCTS 训练期 alpha-20260614_030514_MCTS_007 未通过筛选：ic_20_mean=0.0132 未满足 abs_gt 0.04
2026-06-14 03:18:05,024 - INFO - AlphaJungleMCTS 训练期 alpha-20260614_030514_MCTS_013 未通过筛选：ic_20_mean=0.0227 未满足 abs_gt 0.04
2026-06-14 03:18:09,330 - INFO - AlphaJungleMCTS 训练期 alpha-20260614_030514_MCTS_012 未通过筛选：ic_20_mean=0.0100 未满足 abs_gt 0.04
2026-06-14 03:18:13,761 - INFO - AlphaJungleMCTS 训练期 alpha-20260614_030514_MCTS_015 未通过筛选：ic_20_mean=0.0155 未满足 abs_gt 0.04
2026-06-14 03:18:18,080 - INFO - AlphaJungleMCTS 训练期 alpha-20260614_030514_MCTS_003 未通过筛选：ic_20_mean=0.0100 未满足 abs_gt 0.04
2026-06-14 03:18:22,617 - INFO - AlphaJungleMCTS 训练期 alpha-20260614_030514_MCTS_014 未通过筛选：ic_20_mean=0.0127 未满足 abs_gt 0.04
2026-06-14 03:18:27,197 - INFO - AlphaJungleMCTS 训练期 alpha-20260614_030514_MCTS_018 未通过筛选：ic_20_mean=0.0106 未满足 abs_gt 0.04
2026-06-14 03:18:31,592 - INFO - AlphaJungleMCTS 训练期 alpha-20260614_030514_MCTS_005 未通过筛选：ic_20_mean=0.0070 未满足 abs_gt 0.04
2026-06-14 03:18:35,943 - INFO - AlphaJungleMCTS 训练期 alpha-20260614_030514_MCTS_010 未通过筛选：ic_20_mean=0.0081 未满足 abs_gt 0.04
2026-06-14 03:18:40,643 - INFO - AlphaJungleMCTS 训练期 alpha-20260614_030514_MCTS_019 未通过筛选：ic_20_mean=0.0081 未满足 abs_gt 0.04
2026-06-14 03:18:45,362 - INFO - AlphaJungleMCTS 训练期 alpha-20260614_030514_MCTS_020 未通过筛选：ic_20_mean=0.0151 未满足 abs_gt 0.04
2026-06-14 03:18:49,779 - INFO - AlphaJungleMCTS 训练期 alpha-20260614_030514_MCTS_009 未通过筛选：ic_20_mean=0.0050 未满足 abs_gt 0.04
2026-06-14 03:18:54,169 - INFO - AlphaJungleMCTS 训练期 alpha-20260614_030514_MCTS_002 未通过筛选：ic_20_mean=0.0062 未满足 abs_gt 0.04
2026-06-14 03:18:58,614 - INFO - AlphaJungleMCTS 训练期 alpha-20260614_030514_MCTS_022 未通过筛选：ic_20_mean=0.0022 未满足 abs_gt 0.04
2026-06-14 03:19:03,140 - INFO - AlphaJungleMCTS 训练期 alpha-20260614_030514_MCTS_016 未通过筛选：ic_20_mean=0.0049 未满足 abs_gt 0.04
2026-06-14 03:19:08,448 - INFO - AlphaJungleMCTS 训练期 alpha-20260614_030514_MCTS_001 未通过筛选：ic_20_mean=0.0000 未满足 abs_gt 0.04
2026-06-14 03:19:13,874 - INFO - AlphaJungleMCTS 训练期 alpha-20260614_030514_MCTS_021 未通过筛选：ic_20_mean=0.0070 未满足 abs_gt 0.04
2026-06-14 03:19:18,798 - INFO - AlphaJungleMCTS 训练期 alpha-20260614_030514_MCTS_017 未通过筛选：ic_5_mean=0.0150 未满足 abs_gt 0.02
2026-06-14 03:19:23,160 - INFO - AlphaJungleMCTS 训练期 alpha-20260614_030514_MCTS_011 未通过筛选：ic_20_mean=0.0001 未满足 abs_gt 0.04
2026-06-14 03:19:23,160 - WARNING - AlphaJungleMCTS 训练期 没有因子通过指标筛选
2026-06-14 03:19:23,175 - WARNING - MCTS 可视化导出失败（不影响主流程）: 需要安装 plotly: pip install plotly
2026-06-14 03:19:23,175 - WARNING - 样本内挖掘结果为空，跳过本轮
2026-06-14 03:19:23,175 - INFO - 本轮失败，等待 3s 后重试...
2026-06-14 03:19:26,178 - INFO - ===== 开始第 2 轮循环 (20260614_031926) =====
2026-06-14 03:19:26,178 - INFO - AlphaJungleMCTS 样本内挖掘启动：search_budget=24, uct_c=0.7, top_forbidden_subtrees=5
2026-06-14 03:19:34,338 - INFO - 自适应 UCT 已启用：C_max=1.0, C_min=0.5, decay=cosine
2026-06-14 03:27:47,418 - INFO - AlphaJungleMCTS 训练期 alpha-20260614_031926_MCTS_018 未通过筛选：ic_5_mean=0.0047 未满足 abs_gt 0.02
2026-06-14 03:27:51,952 - INFO - AlphaJungleMCTS 训练期 alpha-20260614_031926_MCTS_019 未通过筛选：ic_20_mean=-0.0167 未满足 abs_gt 0.04
2026-06-14 03:27:56,642 - INFO - AlphaJungleMCTS 训练期 alpha-20260614_031926_MCTS_009 未通过筛选：ic_5_mean=0.0070 未满足 abs_gt 0.02
2026-06-14 03:28:01,220 - INFO - AlphaJungleMCTS 训练期 alpha-20260614_031926_MCTS_013 未通过筛选：ic_5_mean=0.0064 未满足 abs_gt 0.02
2026-06-14 03:28:05,735 - INFO - AlphaJungleMCTS 训练期 alpha-20260614_031926_MCTS_004 未通过筛选：ic_5_mean=-0.0059 未满足 abs_gt 0.02
2026-06-14 03:28:11,105 - INFO - AlphaJungleMCTS 训练期 alpha-20260614_031926_MCTS_011 未通过筛选：ic_5_mean=0.0059 未满足 abs_gt 0.02
2026-06-14 03:28:15,823 - INFO - AlphaJungleMCTS 训练期 alpha-20260614_031926_MCTS_005 未通过筛选：ic_5_mean=0.0059 未满足 abs_gt 0.02
2026-06-14 03:28:20,299 - INFO - AlphaJungleMCTS 训练期 alpha-20260614_031926_MCTS_008 未通过筛选：ic_5_mean=0.0058 未满足 abs_gt 0.02
2026-06-14 03:28:24,810 - INFO - AlphaJungleMCTS 训练期 alpha-20260614_031926_MCTS_022 未通过筛选：ic_5_mean=-0.0199 未满足 abs_gt 0.02
2026-06-14 03:28:29,551 - INFO - AlphaJungleMCTS 训练期 alpha-20260614_031926_MCTS_021 未通过筛选：ic_20_mean=-0.0105 未满足 abs_gt 0.04
2026-06-14 03:28:33,979 - INFO - AlphaJungleMCTS 训练期 alpha-20260614_031926_MCTS_003 未通过筛选：ic_5_mean=0.0049 未满足 abs_gt 0.02
2026-06-14 03:28:38,595 - INFO - AlphaJungleMCTS 训练期 alpha-20260614_031926_MCTS_010 未通过筛选：ic_5_mean=0.0048 未满足 abs_gt 0.02
2026-06-14 03:28:43,089 - INFO - AlphaJungleMCTS 训练期 alpha-20260614_031926_MCTS_006 未通过筛选：ic_5_mean=0.0049 未满足 abs_gt 0.02
2026-06-14 03:28:47,416 - INFO - AlphaJungleMCTS 训练期 alpha-20260614_031926_MCTS_015 未通过筛选：ic_5_mean=-0.0198 未满足 abs_gt 0.02
2026-06-14 03:28:52,042 - INFO - AlphaJungleMCTS 训练期 alpha-20260614_031926_MCTS_016 未通过筛选：ic_5_mean=-0.0198 未满足 abs_gt 0.02
2026-06-14 03:28:56,762 - INFO - AlphaJungleMCTS 训练期 alpha-20260614_031926_MCTS_023 未通过筛选：ic_5_mean=-0.0196 未满足 abs_gt 0.02
2026-06-14 03:29:01,229 - INFO - AlphaJungleMCTS 训练期 alpha-20260614_031926_MCTS_014 未通过筛选：ic_5_mean=-0.0196 未满足 abs_gt 0.02
2026-06-14 03:29:05,667 - INFO - AlphaJungleMCTS 训练期 alpha-20260614_031926_MCTS_017 未通过筛选：ic_5_mean=-0.0194 未满足 abs_gt 0.02
2026-06-14 03:29:10,301 - INFO - AlphaJungleMCTS 训练期 alpha-20260614_031926_MCTS_007 未通过筛选：ic_5_mean=0.0044 未满足 abs_gt 0.02
2026-06-14 03:29:14,924 - INFO - AlphaJungleMCTS 训练期 alpha-20260614_031926_MCTS_002 未通过筛选：ic_5_mean=-0.0191 未满足 abs_gt 0.02
2026-06-14 03:29:14,924 - WARNING - AlphaJungleMCTS 训练期 没有因子通过指标筛选
2026-06-14 03:29:14,938 - WARNING - MCTS 可视化导出失败（不影响主流程）: 需要安装 plotly: pip install plotly
2026-06-14 03:29:14,939 - WARNING - 样本内挖掘结果为空，跳过本轮
2026-06-14 03:29:14,939 - INFO - 本轮失败，等待 3s 后重试...
2026-06-14 03:29:17,942 - INFO - ===== 开始第 3 轮循环 (20260614_032917) =====
2026-06-14 03:29:17,942 - INFO - AlphaJungleMCTS 样本内挖掘启动：search_budget=24, uct_c=0.7, top_forbidden_subtrees=5
2026-06-14 03:29:29,598 - WARNING - AlphaJungleMCTS 根节点生成失败
2026-06-14 03:29:29,628 - WARNING - MCTS 可视化导出失败（不影响主流程）: 需要安装 plotly: pip install plotly
2026-06-14 03:29:29,628 - WARNING - 样本内挖掘结果为空，跳过本轮
2026-06-14 03:29:29,628 - INFO - 本轮失败，等待 3s 后重试...
2026-06-14 03:29:32,631 - INFO - ===== 开始第 4 轮循环 (20260614_032932) =====
2026-06-14 03:29:32,632 - INFO - AlphaJungleMCTS 样本内挖掘启动：search_budget=24, uct_c=0.7, top_forbidden_subtrees=5
2026-06-14 03:29:43,998 - INFO - 自适应 UCT 已启用：C_max=1.0, C_min=0.5, decay=cosine
2026-06-14 03:38:45,069 - INFO - AlphaJungleMCTS 训练期 alpha-20260614_032932_MCTS_015 未通过筛选：ic_20_mean=-0.0361 未满足 abs_gt 0.04
2026-06-14 03:38:49,758 - INFO - AlphaJungleMCTS 训练期 alpha-20260614_032932_MCTS_011 未通过筛选：ic_20_mean=-0.0358 未满足 abs_gt 0.04
2026-06-14 03:38:54,433 - INFO - AlphaJungleMCTS 训练期 alpha-20260614_032932_MCTS_013 未通过筛选：ic_20_mean=-0.0215 未满足 abs_gt 0.04
2026-06-14 03:38:58,994 - INFO - AlphaJungleMCTS 训练期 alpha-20260614_032932_MCTS_002 未通过筛选：ic_20_mean=-0.0214 未满足 abs_gt 0.04
2026-06-14 03:39:03,411 - INFO - AlphaJungleMCTS 训练期 alpha-20260614_032932_MCTS_016 未通过筛选：ic_5_mean=-0.0150 未满足 abs_gt 0.02
2026-06-14 03:39:07,904 - INFO - AlphaJungleMCTS 训练期 alpha-20260614_032932_MCTS_017 未通过筛选：ic_5_mean=-0.0137 未满足 abs_gt 0.02
2026-06-14 03:39:12,282 - INFO - AlphaJungleMCTS 训练期 alpha-20260614_032932_MCTS_007 未通过筛选：ic_20_mean=-0.0200 未满足 abs_gt 0.04
2026-06-14 03:39:16,771 - INFO - AlphaJungleMCTS 训练期 alpha-20260614_032932_MCTS_006 未通过筛选：ic_5_mean=-0.0035 未满足 abs_gt 0.02
2026-06-14 03:39:21,219 - INFO - AlphaJungleMCTS 训练期 alpha-20260614_032932_MCTS_003 未通过筛选：ic_5_mean=-0.0178 未满足 abs_gt 0.02
2026-06-14 03:39:25,854 - INFO - AlphaJungleMCTS 训练期 alpha-20260614_032932_MCTS_005 未通过筛选：ic_5_mean=-0.0098 未满足 abs_gt 0.02
2026-06-14 03:39:30,179 - INFO - AlphaJungleMCTS 训练期 alpha-20260614_032932_MCTS_004 未通过筛选：ic_5_mean=-0.0073 未满足 abs_gt 0.02
2026-06-14 03:39:30,180 - INFO - AlphaJungleMCTS 训练期 筛选完成：20 → 9 个因子
2026-06-14 03:39:30,180 - INFO - MMR 筛选（AlphaJungleMCTS）
2026-06-14 03:40:14,200 - INFO - 计算相关性矩阵：9 个候选 + 0 个 baseline = 9 个因子
2026-06-14 03:40:21,074 - INFO - MMR 选择完成（AlphaJungleMCTS）：9 → 9 个因子
2026-06-14 03:40:21,085 - WARNING - MCTS 可视化导出失败（不影响主流程）: 需要安装 plotly: pip install plotly
2026-06-14 03:40:21,086 - INFO - 样本外验证（20200101 - 20250430）
2026-06-14 03:41:37,382 - INFO - 样本外指标 alpha-20260614_032932_MCTS_010 未通过筛选：ic_20_mean=-0.0327 未满足 abs_gt 0.04
2026-06-14 03:41:37,383 - INFO - 样本外指标 筛选完成：9 → 8 个因子
2026-06-14 03:41:37,383 - INFO - alpha-20260614_032932_MCTS_022 通过所有验证条件
2026-06-14 03:41:37,383 - INFO - alpha-20260614_032932_MCTS_020 通过所有验证条件
2026-06-14 03:41:37,383 - INFO - alpha-20260614_032932_MCTS_009 通过所有验证条件
2026-06-14 03:41:37,384 - INFO - alpha-20260614_032932_MCTS_014 通过所有验证条件
2026-06-14 03:41:37,384 - INFO - alpha-20260614_032932_MCTS_021 通过所有验证条件
2026-06-14 03:41:37,384 - INFO - alpha-20260614_032932_MCTS_008 通过所有验证条件
2026-06-14 03:41:37,384 - INFO - alpha-20260614_032932_MCTS_018 通过所有验证条件
2026-06-14 03:41:37,384 - INFO - alpha-20260614_032932_MCTS_023 通过所有验证条件
2026-06-14 03:42:45,670 - INFO - 通过验证的因子：8 个
2026-06-14 03:42:56,822 - INFO - 结果保存完成：/data/aj/Alpha-Factor-Mining/results/metrics/cycle_0004_20260614_032932_final_metrics.csv，8 个因子入库
2026-06-14 03:42:56,823 - INFO - ===== 第 4 轮完成，入库 8 个因子 =====
2026-06-14 03:42:56,823 - INFO - 累计完成 4 轮循环
2026-06-14 03:42:56,823 - INFO - ===== 开始第 5 轮循环 (20260614_034256) =====
2026-06-14 03:42:56,823 - INFO - AlphaJungleMCTS 样本内挖掘启动：search_budget=24, uct_c=0.7, top_forbidden_subtrees=5
2026-06-14 03:43:19,349 - INFO - 自适应 UCT 已启用：C_max=1.0, C_min=0.5, decay=cosine
2026-06-14 03:51:42,357 - INFO - AlphaJungleMCTS 训练期 alpha-20260614_034256_MCTS_012 未通过筛选：ic_5_mean=-0.0153 未满足 abs_gt 0.02
2026-06-14 03:51:46,883 - INFO - AlphaJungleMCTS 训练期 alpha-20260614_034256_MCTS_010 未通过筛选：ic_5_mean=-0.0137 未满足 abs_gt 0.02
2026-06-14 03:51:55,663 - INFO - AlphaJungleMCTS 训练期 alpha-20260614_034256_MCTS_006 未通过筛选：ic_5_mean=-0.0148 未满足 abs_gt 0.02
2026-06-14 03:52:00,357 - INFO - AlphaJungleMCTS 训练期 alpha-20260614_034256_MCTS_019 未通过筛选：ic_20_mean=-0.0366 未满足 abs_gt 0.04
2026-06-14 03:52:05,057 - INFO - AlphaJungleMCTS 训练期 alpha-20260614_034256_MCTS_013 未通过筛选：ic_5_mean=-0.0100 未满足 abs_gt 0.02
2026-06-14 03:52:09,492 - INFO - AlphaJungleMCTS 训练期 alpha-20260614_034256_MCTS_021 未通过筛选：ic_20_mean=-0.0310 未满足 abs_gt 0.04
2026-06-14 03:52:14,030 - INFO - AlphaJungleMCTS 训练期 alpha-20260614_034256_MCTS_004 未通过筛选：ic_5_mean=-0.0122 未满足 abs_gt 0.02
2026-06-14 03:52:18,342 - INFO - AlphaJungleMCTS 训练期 alpha-20260614_034256_MCTS_007 未通过筛选：ic_5_mean=-0.0102 未满足 abs_gt 0.02
2026-06-14 03:52:22,847 - INFO - AlphaJungleMCTS 训练期 alpha-20260614_034256_MCTS_001 未通过筛选：ic_5_mean=-0.0046 未满足 abs_gt 0.02
2026-06-14 03:52:27,225 - INFO - AlphaJungleMCTS 训练期 alpha-20260614_034256_MCTS_014 未通过筛选：ic_5_mean=-0.0098 未满足 abs_gt 0.02
2026-06-14 03:52:31,717 - INFO - AlphaJungleMCTS 训练期 alpha-20260614_034256_MCTS_023 未通过筛选：ic_20_mean=-0.0288 未满足 abs_gt 0.04
2026-06-14 03:52:36,574 - INFO - AlphaJungleMCTS 训练期 alpha-20260614_034256_MCTS_008 未通过筛选：ic_5_mean=-0.0083 未满足 abs_gt 0.02
2026-06-14 03:52:42,212 - INFO - AlphaJungleMCTS 训练期 alpha-20260614_034256_MCTS_022 未通过筛选：ic_20_mean=-0.0279 未满足 abs_gt 0.04
2026-06-14 03:52:42,215 - INFO - AlphaJungleMCTS 训练期 筛选完成：20 → 7 个因子
2026-06-14 03:52:42,215 - INFO - MMR 筛选（AlphaJungleMCTS）
2026-06-14 03:53:21,793 - INFO - 计算相关性矩阵：7 个候选 + 8 个 baseline = 15 个因子
2026-06-14 03:53:39,470 - INFO - MMR 选择完成（AlphaJungleMCTS）：7 → 7 个因子
2026-06-14 03:53:39,481 - WARNING - MCTS 可视化导出失败（不影响主流程）: 需要安装 plotly: pip install plotly
2026-06-14 03:53:39,481 - INFO - 样本外验证（20200101 - 20250430）
2026-06-14 03:54:34,959 - INFO - 样本外指标 alpha-20260614_034256_MCTS_005 未通过筛选：ic_20_mean=-0.0317 未满足 abs_gt 0.04
2026-06-14 03:54:37,815 - INFO - 样本外指标 alpha-20260614_034256_MCTS_009 未通过筛选：ic_20_mean=-0.0322 未满足 abs_gt 0.04
2026-06-14 03:54:40,658 - INFO - 样本外指标 筛选完成：7 → 5 个因子
2026-06-14 03:54:43,726 - INFO - alpha-20260614_034256_MCTS_016 通过所有验证条件
2026-06-14 03:54:45,974 - INFO - alpha-20260614_034256_MCTS_015 通过所有验证条件
2026-06-14 03:54:47,991 - INFO - alpha-20260614_034256_MCTS_017 通过所有验证条件
2026-06-14 03:54:50,013 - INFO - alpha-20260614_034256_MCTS_020 通过所有验证条件
2026-06-14 03:54:52,083 - INFO - alpha-20260614_034256_MCTS_018 通过所有验证条件
2026-06-14 03:55:44,640 - INFO - 通过验证的因子：5 个
2026-06-14 03:55:52,556 - INFO - 结果保存完成：/data/aj/Alpha-Factor-Mining/results/metrics/cycle_0005_20260614_034256_final_metrics.csv，5 个因子入库
2026-06-14 03:55:52,557 - INFO - ===== 第 5 轮完成，入库 5 个因子 =====
2026-06-14 03:55:52,557 - INFO - 累计完成 5 轮循环
2026-06-14 03:55:52,557 - INFO - ===== 开始第 6 轮循环 (20260614_035552) =====
2026-06-14 03:55:52,558 - INFO - AlphaJungleMCTS 样本内挖掘启动：search_budget=24, uct_c=0.7, top_forbidden_subtrees=5
2026-06-14 03:56:22,314 - INFO - 自适应 UCT 已启用：C_max=1.0, C_min=0.5, decay=cosine
2026-06-14 04:05:30,241 - INFO - AlphaJungleMCTS 训练期 alpha-20260614_035552_MCTS_011 未通过筛选：ic_20_mean=0.0097 未满足 abs_gt 0.04
2026-06-14 04:05:34,571 - INFO - AlphaJungleMCTS 训练期 alpha-20260614_035552_MCTS_001 未通过筛选：ic_5_mean=0.0124 未满足 abs_gt 0.02
2026-06-14 04:05:38,826 - INFO - AlphaJungleMCTS 训练期 alpha-20260614_035552_MCTS_016 未通过筛选：ic_5_mean=0.0191 未满足 abs_gt 0.02
2026-06-14 04:05:43,187 - INFO - AlphaJungleMCTS 训练期 alpha-20260614_035552_MCTS_019 未通过筛选：ic_5_mean=0.0093 未满足 abs_gt 0.02
2026-06-14 04:05:48,481 - INFO - AlphaJungleMCTS 训练期 alpha-20260614_035552_MCTS_007 未通过筛选：ic_5_mean=0.0107 未满足 abs_gt 0.02
2026-06-14 04:05:53,440 - INFO - AlphaJungleMCTS 训练期 alpha-20260614_035552_MCTS_010 未通过筛选：ic_5_mean=0.0171 未满足 abs_gt 0.02
2026-06-14 04:05:58,030 - INFO - AlphaJungleMCTS 训练期 alpha-20260614_035552_MCTS_023 未通过筛选：ic_5_mean=0.0058 未满足 abs_gt 0.02
2026-06-14 04:06:02,402 - INFO - AlphaJungleMCTS 训练期 alpha-20260614_035552_MCTS_008 未通过筛选：ic_5_mean=0.0038 未满足 abs_gt 0.02
2026-06-14 04:06:06,702 - INFO - AlphaJungleMCTS 训练期 alpha-20260614_035552_MCTS_014 未通过筛选：ic_5_mean=-0.0171 未满足 abs_gt 0.02
2026-06-14 04:06:11,028 - INFO - AlphaJungleMCTS 训练期 alpha-20260614_035552_MCTS_013 未通过筛选：ic_5_mean=0.0116 未满足 abs_gt 0.02
2026-06-14 04:06:15,610 - INFO - AlphaJungleMCTS 训练期 alpha-20260614_035552_MCTS_015 未通过筛选：ic_5_mean=0.0116 未满足 abs_gt 0.02
2026-06-14 04:06:21,284 - INFO - AlphaJungleMCTS 训练期 alpha-20260614_035552_MCTS_020 未通过筛选：ic_5_mean=0.0020 未满足 abs_gt 0.02
2026-06-14 04:06:26,103 - INFO - AlphaJungleMCTS 训练期 alpha-20260614_035552_MCTS_018 未通过筛选：ic_5_mean=0.0116 未满足 abs_gt 0.02
2026-06-14 04:06:31,003 - INFO - AlphaJungleMCTS 训练期 alpha-20260614_035552_MCTS_021 未通过筛选：ic_5_mean=0.0075 未满足 abs_gt 0.02
2026-06-14 04:06:36,161 - INFO - AlphaJungleMCTS 训练期 alpha-20260614_035552_MCTS_002 未通过筛选：ic_5_mean=0.0074 未满足 abs_gt 0.02
2026-06-14 04:06:40,601 - INFO - AlphaJungleMCTS 训练期 alpha-20260614_035552_MCTS_005 未通过筛选：ic_5_mean=0.0045 未满足 abs_gt 0.02
2026-06-14 04:06:45,009 - INFO - AlphaJungleMCTS 训练期 alpha-20260614_035552_MCTS_012 未通过筛选：ic_5_mean=0.0079 未满足 abs_gt 0.02
2026-06-14 04:06:49,861 - INFO - AlphaJungleMCTS 训练期 alpha-20260614_035552_MCTS_017 未通过筛选：ic_5_mean=0.0181 未满足 abs_gt 0.02
2026-06-14 04:06:54,445 - INFO - AlphaJungleMCTS 训练期 alpha-20260614_035552_MCTS_003 未通过筛选：ic_5_mean=0.0036 未满足 abs_gt 0.02
2026-06-14 04:06:59,082 - INFO - AlphaJungleMCTS 训练期 alpha-20260614_035552_MCTS_006 未通过筛选：ic_5_mean=-0.0125 未满足 abs_gt 0.02
2026-06-14 04:06:59,082 - WARNING - AlphaJungleMCTS 训练期 没有因子通过指标筛选
2026-06-14 04:06:59,087 - WARNING - MCTS 可视化导出失败（不影响主流程）: 需要安装 plotly: pip install plotly
2026-06-14 04:06:59,087 - WARNING - 样本内挖掘结果为空，跳过本轮
2026-06-14 04:06:59,087 - INFO - 本轮失败，等待 3s 后重试...
2026-06-14 04:07:02,090 - INFO - ===== 开始第 7 轮循环 (20260614_040702) =====
2026-06-14 04:07:02,091 - INFO - AlphaJungleMCTS 样本内挖掘启动：search_budget=24, uct_c=0.7, top_forbidden_subtrees=5
2026-06-14 04:07:30,637 - INFO - 自适应 UCT 已启用：C_max=1.0, C_min=0.5, decay=cosine
2026-06-14 04:25:53,665 - INFO - AlphaJungleMCTS 训练期 alpha-20260614_040702_MCTS_004 未通过筛选：ic_5_mean=-0.0171 未满足 abs_gt 0.02
2026-06-14 04:25:57,893 - INFO - AlphaJungleMCTS 训练期 alpha-20260614_040702_MCTS_011 未通过筛选：ic_5_mean=-0.0166 未满足 abs_gt 0.02
2026-06-14 04:25:57,894 - INFO - AlphaJungleMCTS 训练期 筛选完成：17 → 15 个因子
2026-06-14 04:25:57,894 - INFO - MMR 筛选（AlphaJungleMCTS）
2026-06-14 04:28:37,107 - INFO - 计算相关性矩阵：15 个候选 + 13 个 baseline = 28 个因子
2026-06-14 04:29:29,450 - INFO - MMR 选择完成（AlphaJungleMCTS）：15 → 15 个因子
2026-06-14 04:29:29,463 - WARNING - MCTS 可视化导出失败（不影响主流程）: 需要安装 plotly: pip install plotly
2026-06-14 04:29:29,464 - INFO - 样本外验证（20200101 - 20250430）
2026-06-14 04:32:46,931 - INFO - 样本外指标 筛选完成：15 → 15 个因子
2026-06-14 04:32:52,083 - INFO - alpha-20260614_040702_MCTS_019 通过所有验证条件
2026-06-14 04:32:56,207 - INFO - alpha-20260614_040702_MCTS_008 通过所有验证条件
2026-06-14 04:32:59,817 - INFO - alpha-20260614_040702_MCTS_010 通过所有验证条件
2026-06-14 04:33:03,154 - INFO - alpha-20260614_040702_MCTS_007 通过所有验证条件
2026-06-14 04:33:06,479 - INFO - alpha-20260614_040702_MCTS_013 通过所有验证条件
2026-06-14 04:33:09,952 - INFO - alpha-20260614_040702_MCTS_020 通过所有验证条件
2026-06-14 04:33:13,442 - INFO - alpha-20260614_040702_MCTS_005 通过所有验证条件
2026-06-14 04:33:16,930 - INFO - alpha-20260614_040702_MCTS_006 通过所有验证条件
2026-06-14 04:33:20,316 - INFO - alpha-20260614_040702_MCTS_014 通过所有验证条件
2026-06-14 04:33:23,581 - INFO - alpha-20260614_040702_MCTS_016 通过所有验证条件
2026-06-14 04:33:26,931 - INFO - alpha-20260614_040702_MCTS_009 通过所有验证条件
2026-06-14 04:33:30,314 - INFO - alpha-20260614_040702_MCTS_017 通过所有验证条件
2026-06-14 04:33:33,587 - INFO - alpha-20260614_040702_MCTS_015 通过所有验证条件
2026-06-14 04:33:36,855 - INFO - alpha-20260614_040702_MCTS_023 通过所有验证条件
2026-06-14 04:33:40,198 - INFO - alpha-20260614_040702_MCTS_002 通过所有验证条件
2026-06-14 04:38:24,254 - INFO - 通过验证的因子：15 个
2026-06-14 04:38:45,062 - INFO - 结果保存完成：/data/aj/Alpha-Factor-Mining/results/metrics/cycle_0007_20260614_040702_final_metrics.csv，15 个因子入库
2026-06-14 04:38:45,062 - INFO - ===== 第 7 轮完成，入库 15 个因子 =====
2026-06-14 04:38:45,062 - INFO - 累计完成 7 轮循环
2026-06-14 04:38:45,063 - INFO - ===== 开始第 8 轮循环 (20260614_043845) =====
2026-06-14 04:38:45,063 - INFO - AlphaJungleMCTS 样本内挖掘启动：search_budget=24, uct_c=0.7, top_forbidden_subtrees=5
2026-06-14 04:39:04,998 - WARNING - AlphaJungleMCTS 根节点生成失败
2026-06-14 04:39:05,005 - WARNING - MCTS 可视化导出失败（不影响主流程）: 需要安装 plotly: pip install plotly
2026-06-14 04:39:05,005 - WARNING - 样本内挖掘结果为空，跳过本轮
2026-06-14 04:39:05,005 - INFO - 本轮失败，等待 3s 后重试...
2026-06-14 04:39:08,009 - INFO - ===== 开始第 9 轮循环 (20260614_043908) =====
2026-06-14 04:39:08,009 - INFO - AlphaJungleMCTS 样本内挖掘启动：search_budget=24, uct_c=0.7, top_forbidden_subtrees=5
2026-06-14 04:39:40,935 - WARNING - AlphaJungleMCTS 根节点生成失败
2026-06-14 04:39:40,943 - WARNING - MCTS 可视化导出失败（不影响主流程）: 需要安装 plotly: pip install plotly
2026-06-14 04:39:40,943 - WARNING - 样本内挖掘结果为空，跳过本轮
2026-06-14 04:39:40,943 - INFO - 本轮失败，等待 3s 后重试...
2026-06-14 04:39:43,946 - INFO - ===== 开始第 10 轮循环 (20260614_043943) =====
2026-06-14 04:39:43,947 - INFO - AlphaJungleMCTS 样本内挖掘启动：search_budget=24, uct_c=0.7, top_forbidden_subtrees=5
2026-06-14 04:40:18,558 - WARNING - AlphaJungleMCTS 根节点生成失败
2026-06-14 04:40:18,564 - WARNING - MCTS 可视化导出失败（不影响主流程）: 需要安装 plotly: pip install plotly
2026-06-14 04:40:18,564 - WARNING - 样本内挖掘结果为空，跳过本轮
2026-06-14 04:40:18,564 - INFO - 本轮失败，等待 3s 后重试...
2026-06-14 04:40:21,567 - INFO - ===== 开始第 11 轮循环 (20260614_044021) =====
2026-06-14 04:40:21,568 - INFO - AlphaJungleMCTS 样本内挖掘启动：search_budget=24, uct_c=0.7, top_forbidden_subtrees=5
2026-06-14 04:40:50,088 - WARNING - AlphaJungleMCTS 根节点生成失败
2026-06-14 04:40:50,093 - WARNING - MCTS 可视化导出失败（不影响主流程）: 需要安装 plotly: pip install plotly
2026-06-14 04:40:50,093 - WARNING - 样本内挖掘结果为空，跳过本轮
2026-06-14 04:40:50,093 - INFO - 本轮失败，等待 3s 后重试...
2026-06-14 04:40:53,096 - INFO - ===== 开始第 12 轮循环 (20260614_044053) =====
2026-06-14 04:40:53,097 - INFO - AlphaJungleMCTS 样本内挖掘启动：search_budget=24, uct_c=0.7, top_forbidden_subtrees=5
2026-06-14 04:41:25,427 - WARNING - AlphaJungleMCTS 根节点生成失败
2026-06-14 04:41:25,434 - WARNING - MCTS 可视化导出失败（不影响主流程）: 需要安装 plotly: pip install plotly
2026-06-14 04:41:25,434 - WARNING - 样本内挖掘结果为空，跳过本轮
2026-06-14 04:41:25,434 - INFO - 本轮失败，等待 3s 后重试...
2026-06-14 04:41:28,438 - INFO - ===== 开始第 13 轮循环 (20260614_044128) =====
2026-06-14 04:41:28,438 - INFO - AlphaJungleMCTS 样本内挖掘启动：search_budget=24, uct_c=0.7, top_forbidden_subtrees=5
2026-06-14 04:41:49,258 - WARNING - AlphaJungleMCTS 根节点生成失败
2026-06-14 04:41:49,262 - WARNING - MCTS 可视化导出失败（不影响主流程）: 需要安装 plotly: pip install plotly
2026-06-14 04:41:49,263 - WARNING - 样本内挖掘结果为空，跳过本轮
2026-06-14 04:41:49,263 - INFO - 本轮失败，等待 3s 后重试...
2026-06-14 04:41:52,266 - INFO - ===== 开始第 14 轮循环 (20260614_044152) =====
2026-06-14 04:41:52,266 - INFO - AlphaJungleMCTS 样本内挖掘启动：search_budget=24, uct_c=0.7, top_forbidden_subtrees=5
2026-06-14 04:42:42,022 - INFO - 自适应 UCT 已启用：C_max=1.0, C_min=0.5, decay=cosine
2026-06-14 04:56:51,836 - INFO - AlphaJungleMCTS 训练期 alpha-20260614_044152_MCTS_010 未通过筛选：ic_5_mean=0.0160 未满足 abs_gt 0.02
2026-06-14 04:56:57,408 - INFO - AlphaJungleMCTS 训练期 alpha-20260614_044152_MCTS_012 未通过筛选：ic_20_mean=0.0141 未满足 abs_gt 0.04
2026-06-14 04:57:01,651 - INFO - AlphaJungleMCTS 训练期 alpha-20260614_044152_MCTS_015 未通过筛选：ic_20_mean=0.0081 未满足 abs_gt 0.04
2026-06-14 04:57:06,171 - INFO - AlphaJungleMCTS 训练期 alpha-20260614_044152_MCTS_020 未通过筛选：ic_5_mean=0.0188 未满足 abs_gt 0.02
2026-06-14 04:57:10,433 - INFO - AlphaJungleMCTS 训练期 alpha-20260614_044152_MCTS_003 未通过筛选：ic_5_mean=0.0077 未满足 abs_gt 0.02
2026-06-14 04:57:14,733 - INFO - AlphaJungleMCTS 训练期 alpha-20260614_044152_MCTS_021 未通过筛选：ic_5_mean=0.0103 未满足 abs_gt 0.02
2026-06-14 04:57:14,734 - INFO - AlphaJungleMCTS 训练期 筛选完成：12 → 6 个因子
2026-06-14 04:57:14,734 - INFO - MMR 筛选（AlphaJungleMCTS）
2026-06-14 04:58:14,274 - INFO - 计算相关性矩阵：6 个候选 + 28 个 baseline = 34 个因子
2026-06-14 04:59:41,094 - INFO - MMR 选择完成（AlphaJungleMCTS）：6 → 6 个因子
2026-06-14 04:59:41,101 - WARNING - MCTS 可视化导出失败（不影响主流程）: 需要安装 plotly: pip install plotly
2026-06-14 04:59:41,101 - INFO - 样本外验证（20200101 - 20250430）
2026-06-14 05:00:56,294 - INFO - 样本外指标 筛选完成：6 → 6 个因子
2026-06-14 05:01:04,694 - INFO - alpha-20260614_044152_MCTS_023 通过所有验证条件
2026-06-14 05:01:11,811 - INFO - alpha-20260614_044152_MCTS_013 通过所有验证条件
2026-06-14 05:01:18,978 - INFO - alpha-20260614_044152_MCTS_011 通过所有验证条件
2026-06-14 05:01:26,187 - INFO - alpha-20260614_044152_MCTS_016 通过所有验证条件
2026-06-14 05:01:33,403 - INFO - alpha-20260614_044152_MCTS_014 通过所有验证条件
2026-06-14 05:01:40,512 - INFO - alpha-20260614_044152_MCTS_017 通过所有验证条件
2026-06-14 05:03:24,731 - INFO - 通过验证的因子：6 个
2026-06-14 05:03:33,113 - INFO - 结果保存完成：/data/aj/Alpha-Factor-Mining/results/metrics/cycle_0014_20260614_044152_final_metrics.csv，6 个因子入库
2026-06-14 05:03:33,114 - INFO - ===== 第 14 轮完成，入库 6 个因子 =====
2026-06-14 05:03:33,114 - INFO - 累计完成 14 轮循环
2026-06-14 05:03:33,114 - INFO - ===== 开始第 15 轮循环 (20260614_050333) =====
2026-06-14 05:03:33,114 - INFO - AlphaJungleMCTS 样本内挖掘启动：search_budget=24, uct_c=0.7, top_forbidden_subtrees=5
2026-06-14 05:04:20,157 - INFO - 自适应 UCT 已启用：C_max=1.0, C_min=0.5, decay=cosine
2026-06-14 05:18:01,355 - INFO - AlphaJungleMCTS 训练期 alpha-20260614_050333_MCTS_019 未通过筛选：ic_20_mean=-0.0171 未满足 abs_gt 0.04
2026-06-14 05:18:05,754 - INFO - AlphaJungleMCTS 训练期 alpha-20260614_050333_MCTS_014 未通过筛选：ic_20_mean=-0.0138 未满足 abs_gt 0.04
2026-06-14 05:18:10,408 - INFO - AlphaJungleMCTS 训练期 alpha-20260614_050333_MCTS_018 未通过筛选：ic_20_mean=-0.0069 未满足 abs_gt 0.04
2026-06-14 05:18:15,029 - INFO - AlphaJungleMCTS 训练期 alpha-20260614_050333_MCTS_001 未通过筛选：ic_20_mean=-0.0129 未满足 abs_gt 0.04
2026-06-14 05:18:19,365 - INFO - AlphaJungleMCTS 训练期 alpha-20260614_050333_MCTS_003 未通过筛选：ic_20_mean=-0.0102 未满足 abs_gt 0.04
2026-06-14 05:18:23,684 - INFO - AlphaJungleMCTS 训练期 alpha-20260614_050333_MCTS_010 未通过筛选：ic_5_mean=-0.0032 未满足 abs_gt 0.02
2026-06-14 05:18:28,029 - INFO - AlphaJungleMCTS 训练期 alpha-20260614_050333_MCTS_013 未通过筛选：ic_5_mean=0.0038 未满足 abs_gt 0.02
2026-06-14 05:18:28,030 - INFO - AlphaJungleMCTS 训练期 筛选完成：18 → 11 个因子
2026-06-14 05:18:28,030 - INFO - MMR 筛选（AlphaJungleMCTS）
2026-06-14 05:19:27,462 - INFO - 计算相关性矩阵：11 个候选 + 34 个 baseline = 45 个因子
2026-06-14 05:21:27,531 - INFO - MMR 选择完成（AlphaJungleMCTS）：11 → 11 个因子
2026-06-14 05:21:27,542 - WARNING - MCTS 可视化导出失败（不影响主流程）: 需要安装 plotly: pip install plotly
2026-06-14 05:21:27,542 - INFO - 样本外验证（20200101 - 20250430）
2026-06-14 05:23:04,464 - INFO - 样本外指标 筛选完成：11 → 11 个因子
2026-06-14 05:23:15,916 - INFO - alpha-20260614_050333_MCTS_021 通过所有验证条件
2026-06-14 05:23:25,086 - INFO - alpha-20260614_050333_MCTS_015 通过所有验证条件
2026-06-14 05:23:34,151 - INFO - alpha-20260614_050333_MCTS_012 通过所有验证条件
2026-06-14 05:23:43,168 - INFO - alpha-20260614_050333_MCTS_023 通过所有验证条件
2026-06-14 05:23:52,175 - INFO - alpha-20260614_050333_MCTS_008 通过所有验证条件
2026-06-14 05:24:01,225 - INFO - alpha-20260614_050333_MCTS_011 通过所有验证条件
2026-06-14 05:24:10,294 - INFO - alpha-20260614_050333_MCTS_005 通过所有验证条件
2026-06-14 05:24:19,507 - INFO - alpha-20260614_050333_MCTS_004 通过所有验证条件
2026-06-14 05:24:28,471 - INFO - alpha-20260614_050333_MCTS_007 通过所有验证条件
2026-06-14 05:24:37,374 - INFO - alpha-20260614_050333_MCTS_009 通过所有验证条件
2026-06-14 05:24:46,270 - INFO - alpha-20260614_050333_MCTS_016 通过所有验证条件
2026-06-14 05:26:39,368 - INFO - 通过验证的因子：11 个
2026-06-14 05:26:55,083 - INFO - 结果保存完成：/data/aj/Alpha-Factor-Mining/results/metrics/cycle_0015_20260614_050333_final_metrics.csv，11 个因子入库
2026-06-14 05:26:55,083 - INFO - ===== 第 15 轮完成，入库 11 个因子 =====
2026-06-14 05:26:55,083 - INFO - 累计完成 15 轮循环
2026-06-14 05:26:55,083 - INFO - ===== 开始第 16 轮循环 (20260614_052655) =====
2026-06-14 05:26:55,083 - INFO - AlphaJungleMCTS 样本内挖掘启动：search_budget=24, uct_c=0.7, top_forbidden_subtrees=5
2026-06-14 05:27:41,261 - INFO - 自适应 UCT 已启用：C_max=1.0, C_min=0.5, decay=cosine
2026-06-14 05:47:22,824 - INFO - AlphaJungleMCTS 训练期 alpha-20260614_052655_MCTS_021 未通过筛选：ic_20_mean=-0.0311 未满足 abs_gt 0.04
2026-06-14 05:47:22,826 - INFO - AlphaJungleMCTS 训练期 筛选完成：12 → 11 个因子
2026-06-14 05:47:22,826 - INFO - MMR 筛选（AlphaJungleMCTS）
2026-06-14 05:48:43,906 - INFO - 计算相关性矩阵：11 个候选 + 45 个 baseline = 56 个因子
2026-06-14 05:50:55,000 - INFO - MMR 选择完成（AlphaJungleMCTS）：11 → 11 个因子
2026-06-14 05:50:55,010 - WARNING - MCTS 可视化导出失败（不影响主流程）: 需要安装 plotly: pip install plotly
2026-06-14 05:50:55,010 - INFO - 样本外验证（20200101 - 20250430）
2026-06-14 05:52:45,550 - INFO - 样本外指标 筛选完成：11 → 11 个因子
2026-06-14 05:52:59,770 - INFO - alpha-20260614_052655_MCTS_022 通过所有验证条件
2026-06-14 05:53:11,817 - INFO - alpha-20260614_052655_MCTS_004 通过所有验证条件
2026-06-14 05:53:23,739 - INFO - alpha-20260614_052655_MCTS_023 通过所有验证条件
2026-06-14 05:53:35,878 - INFO - alpha-20260614_052655_MCTS_006 通过所有验证条件
2026-06-14 05:53:47,847 - INFO - alpha-20260614_052655_MCTS_018 通过所有验证条件
2026-06-14 05:53:59,772 - INFO - alpha-20260614_052655_MCTS_005 通过所有验证条件
2026-06-14 05:54:11,678 - INFO - alpha-20260614_052655_MCTS_020 通过所有验证条件
2026-06-14 05:54:23,935 - INFO - alpha-20260614_052655_MCTS_019 通过所有验证条件
2026-06-14 05:54:35,982 - INFO - alpha-20260614_052655_MCTS_011 通过所有验证条件
2026-06-14 05:54:47,872 - INFO - alpha-20260614_052655_MCTS_009 通过所有验证条件
2026-06-14 05:54:59,708 - INFO - alpha-20260614_052655_MCTS_001 通过所有验证条件
2026-06-14 05:57:30,714 - INFO - 通过验证的因子：11 个
2026-06-14 05:57:47,814 - INFO - 结果保存完成：/data/aj/Alpha-Factor-Mining/results/metrics/cycle_0016_20260614_052655_final_metrics.csv，11 个因子入库
2026-06-14 05:57:47,814 - INFO - ===== 第 16 轮完成，入库 11 个因子 =====
2026-06-14 05:57:47,815 - INFO - 累计完成 16 轮循环
2026-06-14 05:57:47,815 - INFO - ===== 开始第 17 轮循环 (20260614_055747) =====
2026-06-14 05:57:47,815 - INFO - AlphaJungleMCTS 样本内挖掘启动：search_budget=24, uct_c=0.7, top_forbidden_subtrees=5
2026-06-14 05:59:02,101 - WARNING - AlphaJungleMCTS 根节点生成失败
2026-06-14 05:59:02,106 - WARNING - MCTS 可视化导出失败（不影响主流程）: 需要安装 plotly: pip install plotly
2026-06-14 05:59:02,106 - WARNING - 样本内挖掘结果为空，跳过本轮
2026-06-14 05:59:02,106 - INFO - 本轮失败，等待 3s 后重试...
2026-06-14 05:59:05,109 - INFO - ===== 开始第 18 轮循环 (20260614_055905) =====
2026-06-14 05:59:05,110 - INFO - AlphaJungleMCTS 样本内挖掘启动：search_budget=24, uct_c=0.7, top_forbidden_subtrees=5
2026-06-14 06:00:28,297 - WARNING - AlphaJungleMCTS 根节点生成失败
2026-06-14 06:00:28,302 - WARNING - MCTS 可视化导出失败（不影响主流程）: 需要安装 plotly: pip install plotly
2026-06-14 06:00:28,302 - WARNING - 样本内挖掘结果为空，跳过本轮
2026-06-14 06:00:28,302 - INFO - 本轮失败，等待 3s 后重试...
2026-06-14 06:00:31,305 - INFO - ===== 开始第 19 轮循环 (20260614_060031) =====
2026-06-14 06:00:31,306 - INFO - AlphaJungleMCTS 样本内挖掘启动：search_budget=24, uct_c=0.7, top_forbidden_subtrees=5
2026-06-14 06:00:59,863 - WARNING - AlphaJungleMCTS 根节点生成失败
2026-06-14 06:00:59,868 - WARNING - MCTS 可视化导出失败（不影响主流程）: 需要安装 plotly: pip install plotly
2026-06-14 06:00:59,868 - WARNING - 样本内挖掘结果为空，跳过本轮
2026-06-14 06:00:59,868 - INFO - 本轮失败，等待 3s 后重试...
2026-06-14 06:01:02,872 - INFO - ===== 开始第 20 轮循环 (20260614_060102) =====
2026-06-14 06:01:02,872 - INFO - AlphaJungleMCTS 样本内挖掘启动：search_budget=24, uct_c=0.7, top_forbidden_subtrees=5
2026-06-14 06:01:15,912 - WARNING - AlphaJungleMCTS 根节点生成失败
2026-06-14 06:01:15,918 - WARNING - MCTS 可视化导出失败（不影响主流程）: 需要安装 plotly: pip install plotly
2026-06-14 06:01:15,918 - WARNING - 样本内挖掘结果为空，跳过本轮
2026-06-14 06:01:15,918 - INFO - 本轮失败，等待 3s 后重试...
2026-06-14 06:01:18,921 - INFO - [STOP] 已达到最大轮次 20
2026-06-14 15:18:40,519 - INFO - 目录初始化完成
2026-06-14 15:18:40,525 - INFO - 加载挖掘方法配置：alpha_jungle_mcts (/data/aj/Alpha-Factor-Mining/method_config/alpha_jungle_mcts_cosine.yaml)
2026-06-14 15:18:40,525 - INFO - 挖掘方法详情：method=alpha_jungle_mcts, params={'search_budget': 24, 'example_count': 3, 'repository_seed_count': 20, 'uct_c': 0.7, 'adaptive_uct': True, 'uct_c_max': 1.0, 'uct_c_min': 0.5, 'uct_decay': 'cosine', 'dimension_temperature': 0.45, 'target_dimensions': ['effectiveness', 'diversity', 'stability', 'turnover', 'overfit'], 'multi_reward_uct': True, 'reward_schedule': {'early': {'progress_end': 0.35, 'weights': {'effectiveness': 0.1, 'diversity': 0.35, 'stability': 0.15, 'turnover': 0.15, 'overfit': 0.25}, 'dimension_temperature': 0.7}, 'middle': {'progress_end': 0.7, 'weights': {'effectiveness': 0.3, 'diversity': 0.25, 'stability': 0.2, 'turnover': 0.125, 'overfit': 0.125}, 'dimension_temperature': 0.45}, 'late': {'progress_end': 1.0, 'weights': {'effectiveness': 0.45, 'diversity': 0.05, 'stability': 0.25, 'turnover': 0.15, 'overfit': 0.1}, 'dimension_temperature': 0.25}}, 'q_mean_weight': 0.3, 'q_max_weight': 0.7, 'final_reward_weights': {'effectiveness': 0.5, 'diversity': 0.1, 'stability': 0.25, 'turnover': 0.1}, 'top_forbidden_subtrees': 5, 'min_forbidden_subtree_size': 3, 'enforce_forbidden_subtrees': True, 'max_tree_depth': 4, 'max_correction_rounds': 2, 'min_non_null_ratio': 0.05, 'max_operator_count': 12, 'enforce_baseline_diversity': True, 'repository_similarity_cap': 0.85, 'effective_reward_threshold': 0.58, 'repo_ic_threshold': 0.015, 'mcts_ic_ir_scale': 0.6, 'mcts_sharpe_scale': 1.2, 'turnover_scale': 1.5, 'max_symbolic_length': 28, 'max_free_params': 6, 'max_features': 5, 'max_depth': 7, 'apply_mmr': True}
2026-06-14 15:18:40,526 - INFO - 加载验证配置：full_domain (/data/aj/Alpha-Factor-Mining/validation_config/full_domain.yaml)
2026-06-14 15:18:40,527 - INFO - 验证配置详情：hooks=['plain_ic_metrics'], train_filter=2, validation_filter=2
2026-06-14 15:18:40,527 - INFO - train_filter 为空，默认继承 validation_filter
2026-06-14 15:18:40,527 - INFO - 加载基础数据...
2026-06-14 15:18:44,695 - INFO - 数据加载完成：7 个字段，31 个算子
2026-06-14 15:18:44,696 - INFO - ========== 启动自动化因子挖掘系统 ==========
2026-06-14 15:18:44,696 - INFO - 配置：{'data_path': '/data/aj/Alpha-Factor-Mining/量价data2000', 'metrics_save_path': '/data/aj/Alpha-Factor-Mining/results/metrics', 'factors_save_path': '/data/aj/Alpha-Factor-Mining/results/factors', 'log_path': '/data/aj/Alpha-Factor-Mining/logs', 'checkpoint_path': '/data/aj/Alpha-Factor-Mining/checkpoints', 'method_config': './method_config/alpha_jungle_mcts_cosine.yaml', 'validation_config': '/data/aj/Alpha-Factor-Mining/validation_config/full_domain.yaml', 'start_date': '20100101', 'end_date': '20191231', 'factors_per_cycle': 20, 'window': [5, 10, 20, 30, 60], 'correlation_threshold': 0.7, 'mmr_lambda': 0.9, 'mmr_threshold': 1.0, 'cs_weight': 0.5, 'ts_weight': 0.5, 'validation_start_date': '20200101', 'validation_end_date': '20250430', 'validation_min_ic_abs': 0.04, 'validation_min_long_ret': 0.045, 'validation_max_correlation': 0.7, 'n_jobs': 10, 'cycle_interval': 0, 'error_wait': 3, 'max_cycles': 20, 'max_hours': 8.0}
2026-06-14 15:18:44,696 - INFO - ===== 开始第 1 轮循环 (20260614_151844) =====
2026-06-14 15:18:44,696 - INFO - AlphaJungleMCTS 样本内挖掘启动：search_budget=24, uct_c=0.7, top_forbidden_subtrees=5
2026-06-14 15:19:11,344 - INFO - 自适应 UCT 已启用：C_max=1.0, C_min=0.5, decay=cosine
2026-06-14 15:19:28,917 - INFO - 收到中断信号，系统停止
2026-06-14 15:20:26,657 - INFO - 目录初始化完成
2026-06-14 15:20:26,662 - INFO - 加载挖掘方法配置：alpha_jungle_mcts (/data/aj/Alpha-Factor-Mining/method_config/alpha_jungle_mcts_cosine.yaml)
2026-06-14 15:20:26,663 - INFO - 挖掘方法详情：method=alpha_jungle_mcts, params={'search_budget': 24, 'example_count': 3, 'repository_seed_count': 20, 'uct_c': 0.7, 'adaptive_uct': True, 'uct_c_max': 1.0, 'uct_c_min': 0.5, 'uct_decay': 'cosine', 'dimension_temperature': 0.45, 'target_dimensions': ['effectiveness', 'diversity', 'stability', 'turnover', 'overfit'], 'multi_reward_uct': True, 'reward_schedule': {'early': {'progress_end': 0.35, 'weights': {'effectiveness': 0.1, 'diversity': 0.35, 'stability': 0.15, 'turnover': 0.15, 'overfit': 0.25}, 'dimension_temperature': 0.7}, 'middle': {'progress_end': 0.7, 'weights': {'effectiveness': 0.3, 'diversity': 0.25, 'stability': 0.2, 'turnover': 0.125, 'overfit': 0.125}, 'dimension_temperature': 0.45}, 'late': {'progress_end': 1.0, 'weights': {'effectiveness': 0.45, 'diversity': 0.05, 'stability': 0.25, 'turnover': 0.15, 'overfit': 0.1}, 'dimension_temperature': 0.25}}, 'q_mean_weight': 0.3, 'q_max_weight': 0.7, 'final_reward_weights': {'effectiveness': 0.5, 'diversity': 0.1, 'stability': 0.25, 'turnover': 0.1}, 'top_forbidden_subtrees': 5, 'min_forbidden_subtree_size': 3, 'enforce_forbidden_subtrees': True, 'max_tree_depth': 4, 'max_correction_rounds': 2, 'min_non_null_ratio': 0.05, 'max_operator_count': 12, 'enforce_baseline_diversity': True, 'repository_similarity_cap': 0.85, 'effective_reward_threshold': 0.58, 'repo_ic_threshold': 0.015, 'mcts_ic_ir_scale': 0.6, 'mcts_sharpe_scale': 1.2, 'turnover_scale': 1.5, 'max_symbolic_length': 28, 'max_free_params': 6, 'max_features': 5, 'max_depth': 7, 'apply_mmr': True}
2026-06-14 15:20:26,664 - INFO - 加载验证配置：full_domain (/data/aj/Alpha-Factor-Mining/validation_config/full_domain.yaml)
2026-06-14 15:20:26,664 - INFO - 验证配置详情：hooks=['plain_ic_metrics'], train_filter=2, validation_filter=2
2026-06-14 15:20:26,664 - INFO - train_filter 为空，默认继承 validation_filter
2026-06-14 15:20:26,664 - INFO - 加载基础数据...
2026-06-14 15:20:32,095 - INFO - 数据加载完成：7 个字段，31 个算子
2026-06-14 15:20:32,096 - INFO - ========== 启动自动化因子挖掘系统 ==========
2026-06-14 15:20:32,096 - INFO - 配置：{'data_path': '/data/aj/Alpha-Factor-Mining/量价data2000', 'metrics_save_path': '/data/aj/Alpha-Factor-Mining/results/metrics', 'factors_save_path': '/data/aj/Alpha-Factor-Mining/results/factors', 'log_path': '/data/aj/Alpha-Factor-Mining/logs', 'checkpoint_path': '/data/aj/Alpha-Factor-Mining/checkpoints', 'method_config': './method_config/alpha_jungle_mcts_cosine.yaml', 'validation_config': '/data/aj/Alpha-Factor-Mining/validation_config/full_domain.yaml', 'start_date': '20100101', 'end_date': '20191231', 'factors_per_cycle': 20, 'window': [5, 10, 20, 30, 60], 'correlation_threshold': 0.7, 'mmr_lambda': 0.9, 'mmr_threshold': 1.0, 'cs_weight': 0.5, 'ts_weight': 0.5, 'validation_start_date': '20200101', 'validation_end_date': '20250430', 'validation_min_ic_abs': 0.04, 'validation_min_long_ret': 0.045, 'validation_max_correlation': 0.7, 'n_jobs': 10, 'cycle_interval': 0, 'error_wait': 3, 'max_cycles': 20, 'max_hours': 8.0}
2026-06-14 15:20:32,096 - INFO - ===== 开始第 1 轮循环 (20260614_152032) =====
2026-06-14 15:20:32,096 - INFO - AlphaJungleMCTS 样本内挖掘启动：search_budget=24, uct_c=0.7, top_forbidden_subtrees=5
2026-06-14 15:20:59,390 - INFO - 自适应 UCT 已启用：C_max=1.0, C_min=0.5, decay=cosine
2026-06-14 15:26:25,007 - INFO - AlphaJungleMCTS 训练期 alpha-20260614_152032_MCTS_009 未通过筛选：ic_20_mean=-0.0161 未满足 abs_gt 0.04
2026-06-14 15:26:29,253 - INFO - AlphaJungleMCTS 训练期 alpha-20260614_152032_MCTS_012 未通过筛选：ic_5_mean=0.0182 未满足 abs_gt 0.02
2026-06-14 15:26:33,496 - INFO - AlphaJungleMCTS 训练期 alpha-20260614_152032_MCTS_017 未通过筛选：ic_20_mean=-0.0323 未满足 abs_gt 0.04
2026-06-14 15:26:37,805 - INFO - AlphaJungleMCTS 训练期 alpha-20260614_152032_MCTS_011 未通过筛选：ic_5_mean=-0.0171 未满足 abs_gt 0.02
2026-06-14 15:26:42,633 - INFO - AlphaJungleMCTS 训练期 alpha-20260614_152032_MCTS_013 未通过筛选：ic_5_mean=0.0166 未满足 abs_gt 0.02
2026-06-14 15:26:47,185 - INFO - AlphaJungleMCTS 训练期 alpha-20260614_152032_MCTS_003 未通过筛选：ic_5_mean=-0.0154 未满足 abs_gt 0.02
2026-06-14 15:26:51,500 - INFO - AlphaJungleMCTS 训练期 alpha-20260614_152032_MCTS_008 未通过筛选：ic_5_mean=-0.0166 未满足 abs_gt 0.02
2026-06-14 15:26:56,030 - INFO - AlphaJungleMCTS 训练期 alpha-20260614_152032_MCTS_004 未通过筛选：ic_5_mean=-0.0099 未满足 abs_gt 0.02
2026-06-14 15:27:00,678 - INFO - AlphaJungleMCTS 训练期 alpha-20260614_152032_MCTS_005 未通过筛选：ic_5_mean=-0.0110 未满足 abs_gt 0.02
2026-06-14 15:27:04,978 - INFO - AlphaJungleMCTS 训练期 alpha-20260614_152032_MCTS_019 未通过筛选：ic_5_mean=0.0184 未满足 abs_gt 0.02
2026-06-14 15:27:09,424 - INFO - AlphaJungleMCTS 训练期 alpha-20260614_152032_MCTS_006 未通过筛选：ic_5_mean=-0.0121 未满足 abs_gt 0.02
2026-06-14 15:27:13,866 - INFO - AlphaJungleMCTS 训练期 alpha-20260614_152032_MCTS_010 未通过筛选：ic_5_mean=-0.0106 未满足 abs_gt 0.02
2026-06-14 15:27:18,190 - INFO - AlphaJungleMCTS 训练期 alpha-20260614_152032_MCTS_001 未通过筛选：ic_5_mean=-0.0181 未满足 abs_gt 0.02
2026-06-14 15:27:22,644 - INFO - AlphaJungleMCTS 训练期 alpha-20260614_152032_MCTS_022 未通过筛选：ic_5_mean=-0.0110 未满足 abs_gt 0.02
2026-06-14 15:27:26,923 - INFO - AlphaJungleMCTS 训练期 alpha-20260614_152032_MCTS_002 未通过筛选：ic_5_mean=-0.0072 未满足 abs_gt 0.02
2026-06-14 15:27:31,349 - INFO - AlphaJungleMCTS 训练期 alpha-20260614_152032_MCTS_007 未通过筛选：ic_20_mean=-0.0021 未满足 abs_gt 0.04
2026-06-14 15:27:36,509 - INFO - AlphaJungleMCTS 训练期 alpha-20260614_152032_MCTS_023 未通过筛选：ic_5_mean=-0.0069 未满足 abs_gt 0.02
2026-06-14 15:27:41,273 - INFO - AlphaJungleMCTS 训练期 alpha-20260614_152032_MCTS_014 未通过筛选：ic_5_mean=-0.0141 未满足 abs_gt 0.02
2026-06-14 15:27:45,778 - INFO - AlphaJungleMCTS 训练期 alpha-20260614_152032_MCTS_020 未通过筛选：ic_5_mean=-0.0102 未满足 abs_gt 0.02
2026-06-14 15:27:50,055 - INFO - AlphaJungleMCTS 训练期 alpha-20260614_152032_MCTS_015 未通过筛选：ic_5_mean=-0.0061 未满足 abs_gt 0.02
2026-06-14 15:27:50,055 - WARNING - AlphaJungleMCTS 训练期 没有因子通过指标筛选
2026-06-14 15:27:51,021 - INFO - MCTS 搜索树可视化已保存到 viz_output/
2026-06-14 15:27:51,022 - WARNING - 样本内挖掘结果为空，跳过本轮
2026-06-14 15:27:51,022 - INFO - 本轮失败，等待 3s 后重试...
2026-06-14 15:27:54,025 - INFO - ===== 开始第 2 轮循环 (20260614_152754) =====
2026-06-14 15:27:54,025 - INFO - AlphaJungleMCTS 样本内挖掘启动：search_budget=24, uct_c=0.7, top_forbidden_subtrees=5
2026-06-14 15:28:02,314 - INFO - 自适应 UCT 已启用：C_max=1.0, C_min=0.5, decay=cosine
2026-06-14 15:33:11,664 - INFO - AlphaJungleMCTS 训练期 alpha-20260614_152754_MCTS_002 未通过筛选：ic_20_mean=-0.0174 未满足 abs_gt 0.04
2026-06-14 15:33:16,480 - INFO - AlphaJungleMCTS 训练期 alpha-20260614_152754_MCTS_001 未通过筛选：ic_20_mean=-0.0173 未满足 abs_gt 0.04
2026-06-14 15:33:21,678 - INFO - AlphaJungleMCTS 训练期 alpha-20260614_152754_MCTS_005 未通过筛选：ic_20_mean=-0.0171 未满足 abs_gt 0.04
2026-06-14 15:33:26,040 - INFO - AlphaJungleMCTS 训练期 alpha-20260614_152754_MCTS_009 未通过筛选：ic_20_mean=-0.0159 未满足 abs_gt 0.04
2026-06-14 15:33:30,458 - INFO - AlphaJungleMCTS 训练期 alpha-20260614_152754_MCTS_016 未通过筛选：ic_20_mean=-0.0175 未满足 abs_gt 0.04
2026-06-14 15:33:35,906 - INFO - AlphaJungleMCTS 训练期 alpha-20260614_152754_MCTS_007 未通过筛选：ic_20_mean=-0.0158 未满足 abs_gt 0.04
2026-06-14 15:33:40,308 - INFO - AlphaJungleMCTS 训练期 alpha-20260614_152754_MCTS_006 未通过筛选：ic_20_mean=-0.0209 未满足 abs_gt 0.04
2026-06-14 15:33:44,707 - INFO - AlphaJungleMCTS 训练期 alpha-20260614_152754_MCTS_018 未通过筛选：ic_20_mean=-0.0169 未满足 abs_gt 0.04
2026-06-14 15:33:49,577 - INFO - AlphaJungleMCTS 训练期 alpha-20260614_152754_MCTS_014 未通过筛选：ic_20_mean=-0.0175 未满足 abs_gt 0.04
2026-06-14 15:33:54,720 - INFO - AlphaJungleMCTS 训练期 alpha-20260614_152754_MCTS_004 未通过筛选：ic_20_mean=-0.0163 未满足 abs_gt 0.04
2026-06-14 15:33:59,435 - INFO - AlphaJungleMCTS 训练期 alpha-20260614_152754_MCTS_017 未通过筛选：ic_20_mean=-0.0177 未满足 abs_gt 0.04
2026-06-14 15:34:05,027 - INFO - AlphaJungleMCTS 训练期 alpha-20260614_152754_MCTS_003 未通过筛选：ic_20_mean=-0.0173 未满足 abs_gt 0.04
2026-06-14 15:34:10,027 - INFO - AlphaJungleMCTS 训练期 alpha-20260614_152754_MCTS_020 未通过筛选：ic_20_mean=-0.0176 未满足 abs_gt 0.04
2026-06-14 15:34:14,377 - INFO - AlphaJungleMCTS 训练期 alpha-20260614_152754_MCTS_008 未通过筛选：ic_20_mean=-0.0172 未满足 abs_gt 0.04
2026-06-14 15:34:18,796 - INFO - AlphaJungleMCTS 训练期 alpha-20260614_152754_MCTS_015 未通过筛选：ic_20_mean=-0.0171 未满足 abs_gt 0.04
2026-06-14 15:34:23,211 - INFO - AlphaJungleMCTS 训练期 alpha-20260614_152754_MCTS_021 未通过筛选：ic_20_mean=-0.0178 未满足 abs_gt 0.04
2026-06-14 15:34:27,676 - INFO - AlphaJungleMCTS 训练期 alpha-20260614_152754_MCTS_022 未通过筛选：ic_20_mean=-0.0169 未满足 abs_gt 0.04
2026-06-14 15:34:32,501 - INFO - AlphaJungleMCTS 训练期 alpha-20260614_152754_MCTS_011 未通过筛选：ic_20_mean=-0.0164 未满足 abs_gt 0.04
2026-06-14 15:34:36,870 - INFO - AlphaJungleMCTS 训练期 alpha-20260614_152754_MCTS_023 未通过筛选：ic_20_mean=-0.0193 未满足 abs_gt 0.04
2026-06-14 15:34:42,504 - INFO - AlphaJungleMCTS 训练期 alpha-20260614_152754_MCTS_012 未通过筛选：ic_20_mean=-0.0208 未满足 abs_gt 0.04
2026-06-14 15:34:42,504 - WARNING - AlphaJungleMCTS 训练期 没有因子通过指标筛选
2026-06-14 15:34:43,034 - INFO - MCTS 搜索树可视化已保存到 viz_output/
2026-06-14 15:34:43,035 - WARNING - 样本内挖掘结果为空，跳过本轮
2026-06-14 15:34:43,035 - INFO - 本轮失败，等待 3s 后重试...
2026-06-14 15:34:46,038 - INFO - ===== 开始第 3 轮循环 (20260614_153446) =====
2026-06-14 15:34:46,038 - INFO - AlphaJungleMCTS 样本内挖掘启动：search_budget=24, uct_c=0.7, top_forbidden_subtrees=5
2026-06-14 15:34:54,932 - INFO - 自适应 UCT 已启用：C_max=1.0, C_min=0.5, decay=cosine
2026-06-14 15:40:48,766 - INFO - AlphaJungleMCTS 训练期 alpha-20260614_153446_MCTS_018 未通过筛选：ic_20_mean=-0.0394 未满足 abs_gt 0.04
2026-06-14 15:40:53,726 - INFO - AlphaJungleMCTS 训练期 alpha-20260614_153446_MCTS_022 未通过筛选：ic_20_mean=-0.0313 未满足 abs_gt 0.04
2026-06-14 15:40:58,118 - INFO - AlphaJungleMCTS 训练期 alpha-20260614_153446_MCTS_007 未通过筛选：ic_20_mean=-0.0293 未满足 abs_gt 0.04
2026-06-14 15:41:02,638 - INFO - AlphaJungleMCTS 训练期 alpha-20260614_153446_MCTS_004 未通过筛选：ic_20_mean=0.0205 未满足 abs_gt 0.04
2026-06-14 15:41:07,244 - INFO - AlphaJungleMCTS 训练期 alpha-20260614_153446_MCTS_001 未通过筛选：ic_20_mean=-0.0340 未满足 abs_gt 0.04
2026-06-14 15:41:11,636 - INFO - AlphaJungleMCTS 训练期 alpha-20260614_153446_MCTS_008 未通过筛选：ic_20_mean=-0.0217 未满足 abs_gt 0.04
2026-06-14 15:41:15,885 - INFO - AlphaJungleMCTS 训练期 alpha-20260614_153446_MCTS_023 未通过筛选：ic_20_mean=-0.0209 未满足 abs_gt 0.04
2026-06-14 15:41:20,550 - INFO - AlphaJungleMCTS 训练期 alpha-20260614_153446_MCTS_020 未通过筛选：ic_5_mean=-0.0198 未满足 abs_gt 0.02
2026-06-14 15:41:25,218 - INFO - AlphaJungleMCTS 训练期 alpha-20260614_153446_MCTS_016 未通过筛选：ic_20_mean=0.0053 未满足 abs_gt 0.04
2026-06-14 15:41:29,838 - INFO - AlphaJungleMCTS 训练期 alpha-20260614_153446_MCTS_015 未通过筛选：ic_20_mean=-0.0190 未满足 abs_gt 0.04
2026-06-14 15:41:34,482 - INFO - AlphaJungleMCTS 训练期 alpha-20260614_153446_MCTS_017 未通过筛选：ic_20_mean=-0.0187 未满足 abs_gt 0.04
2026-06-14 15:41:39,076 - INFO - AlphaJungleMCTS 训练期 alpha-20260614_153446_MCTS_003 未通过筛选：ic_20_mean=-0.0194 未满足 abs_gt 0.04
2026-06-14 15:41:43,829 - INFO - AlphaJungleMCTS 训练期 alpha-20260614_153446_MCTS_006 未通过筛选：ic_20_mean=-0.0192 未满足 abs_gt 0.04
2026-06-14 15:41:48,369 - INFO - AlphaJungleMCTS 训练期 alpha-20260614_153446_MCTS_002 未通过筛选：ic_20_mean=-0.0206 未满足 abs_gt 0.04
2026-06-14 15:41:53,207 - INFO - AlphaJungleMCTS 训练期 alpha-20260614_153446_MCTS_019 未通过筛选：ic_5_mean=-0.0172 未满足 abs_gt 0.02
2026-06-14 15:41:57,948 - INFO - AlphaJungleMCTS 训练期 alpha-20260614_153446_MCTS_012 未通过筛选：ic_5_mean=-0.0093 未满足 abs_gt 0.02
2026-06-14 15:42:02,447 - INFO - AlphaJungleMCTS 训练期 alpha-20260614_153446_MCTS_011 未通过筛选：ic_5_mean=-0.0113 未满足 abs_gt 0.02
2026-06-14 15:42:07,179 - INFO - AlphaJungleMCTS 训练期 alpha-20260614_153446_MCTS_005 未通过筛选：ic_20_mean=-0.0191 未满足 abs_gt 0.04
2026-06-14 15:42:11,779 - INFO - AlphaJungleMCTS 训练期 alpha-20260614_153446_MCTS_021 未通过筛选：ic_5_mean=-0.0013 未满足 abs_gt 0.02
2026-06-14 15:42:11,782 - INFO - AlphaJungleMCTS 训练期 筛选完成：20 → 1 个因子
2026-06-14 15:42:11,783 - INFO - MMR 筛选（AlphaJungleMCTS）
2026-06-14 15:42:13,631 - INFO - 计算相关性矩阵：1 个候选 + 0 个 baseline = 1 个因子
2026-06-14 15:42:13,636 - INFO - MMR 选择完成（AlphaJungleMCTS）：1 → 1 个因子
2026-06-14 15:42:14,201 - INFO - MCTS 搜索树可视化已保存到 viz_output/
2026-06-14 15:42:14,201 - INFO - 样本外验证（20200101 - 20250430）
2026-06-14 15:42:24,453 - INFO - 样本外指标 筛选完成：1 → 1 个因子
2026-06-14 15:42:24,454 - INFO - alpha-20260614_153446_MCTS_010 通过所有验证条件
2026-06-14 15:42:33,268 - INFO - 通过验证的因子：1 个
2026-06-14 15:42:35,425 - INFO - 结果保存完成：/data/aj/Alpha-Factor-Mining/results/metrics/cycle_0003_20260614_153446_final_metrics.csv，1 个因子入库
2026-06-14 15:42:35,425 - INFO - ===== 第 3 轮完成，入库 1 个因子 =====
2026-06-14 15:42:35,426 - INFO - 累计完成 3 轮循环
2026-06-14 15:42:35,426 - INFO - ===== 开始第 4 轮循环 (20260614_154235) =====
2026-06-14 15:42:35,426 - INFO - AlphaJungleMCTS 样本内挖掘启动：search_budget=24, uct_c=0.7, top_forbidden_subtrees=5
2026-06-14 15:42:47,944 - INFO - 自适应 UCT 已启用：C_max=1.0, C_min=0.5, decay=cosine
2026-06-14 15:49:29,932 - INFO - AlphaJungleMCTS 训练期 alpha-20260614_154235_MCTS_003 未通过筛选：ic_20_mean=-0.0352 未满足 abs_gt 0.04
2026-06-14 15:49:34,271 - INFO - AlphaJungleMCTS 训练期 alpha-20260614_154235_MCTS_016 未通过筛选：ic_20_mean=-0.0233 未满足 abs_gt 0.04
2026-06-14 15:49:39,152 - INFO - AlphaJungleMCTS 训练期 alpha-20260614_154235_MCTS_010 未通过筛选：ic_20_mean=-0.0352 未满足 abs_gt 0.04
2026-06-14 15:49:44,026 - INFO - AlphaJungleMCTS 训练期 alpha-20260614_154235_MCTS_001 未通过筛选：ic_5_mean=-0.0167 未满足 abs_gt 0.02
2026-06-14 15:49:48,650 - INFO - AlphaJungleMCTS 训练期 alpha-20260614_154235_MCTS_007 未通过筛选：ic_20_mean=-0.0320 未满足 abs_gt 0.04
2026-06-14 15:49:53,363 - INFO - AlphaJungleMCTS 训练期 alpha-20260614_154235_MCTS_012 未通过筛选：ic_20_mean=-0.0310 未满足 abs_gt 0.04
2026-06-14 15:49:57,686 - INFO - AlphaJungleMCTS 训练期 alpha-20260614_154235_MCTS_009 未通过筛选：ic_20_mean=-0.0327 未满足 abs_gt 0.04
2026-06-14 15:50:02,046 - INFO - AlphaJungleMCTS 训练期 alpha-20260614_154235_MCTS_004 未通过筛选：ic_20_mean=-0.0245 未满足 abs_gt 0.04
2026-06-14 15:50:06,713 - INFO - AlphaJungleMCTS 训练期 alpha-20260614_154235_MCTS_011 未通过筛选：ic_20_mean=-0.0304 未满足 abs_gt 0.04
2026-06-14 15:50:11,619 - INFO - AlphaJungleMCTS 训练期 alpha-20260614_154235_MCTS_022 未通过筛选：ic_20_mean=-0.0226 未满足 abs_gt 0.04
2026-06-14 15:50:15,889 - INFO - AlphaJungleMCTS 训练期 alpha-20260614_154235_MCTS_014 未通过筛选：ic_20_mean=-0.0298 未满足 abs_gt 0.04
2026-06-14 15:50:20,134 - INFO - AlphaJungleMCTS 训练期 alpha-20260614_154235_MCTS_005 未通过筛选：ic_20_mean=-0.0119 未满足 abs_gt 0.04
2026-06-14 15:50:24,620 - INFO - AlphaJungleMCTS 训练期 alpha-20260614_154235_MCTS_020 未通过筛选：ic_5_mean=-0.0159 未满足 abs_gt 0.02
2026-06-14 15:50:29,025 - INFO - AlphaJungleMCTS 训练期 alpha-20260614_154235_MCTS_013 未通过筛选：ic_20_mean=-0.0246 未满足 abs_gt 0.04
2026-06-14 15:50:34,273 - INFO - AlphaJungleMCTS 训练期 alpha-20260614_154235_MCTS_006 未通过筛选：ic_5_mean=-0.0155 未满足 abs_gt 0.02
2026-06-14 15:50:38,578 - INFO - AlphaJungleMCTS 训练期 alpha-20260614_154235_MCTS_021 未通过筛选：ic_5_mean=-0.0179 未满足 abs_gt 0.02
2026-06-14 15:50:42,908 - INFO - AlphaJungleMCTS 训练期 alpha-20260614_154235_MCTS_008 未通过筛选：ic_5_mean=-0.0172 未满足 abs_gt 0.02
2026-06-14 15:50:47,254 - INFO - AlphaJungleMCTS 训练期 alpha-20260614_154235_MCTS_015 未通过筛选：ic_5_mean=-0.0197 未满足 abs_gt 0.02
2026-06-14 15:50:51,527 - INFO - AlphaJungleMCTS 训练期 alpha-20260614_154235_MCTS_018 未通过筛选：ic_5_mean=-0.0162 未满足 abs_gt 0.02
2026-06-14 15:50:51,528 - INFO - AlphaJungleMCTS 训练期 筛选完成：20 → 1 个因子
2026-06-14 15:50:51,528 - INFO - MMR 筛选（AlphaJungleMCTS）
2026-06-14 15:50:52,842 - INFO - 计算相关性矩阵：1 个候选 + 1 个 baseline = 2 个因子
2026-06-14 15:50:54,890 - INFO - MMR 选择完成（AlphaJungleMCTS）：1 → 1 个因子
2026-06-14 15:50:55,412 - INFO - MCTS 搜索树可视化已保存到 viz_output/
2026-06-14 15:50:55,412 - INFO - 样本外验证（20200101 - 20250430）
2026-06-14 15:51:05,345 - INFO - 样本外指标 筛选完成：1 → 1 个因子
2026-06-14 15:51:05,737 - INFO - alpha-20260614_154235_MCTS_002 通过所有验证条件
2026-06-14 15:51:13,652 - INFO - 通过验证的因子：1 个
2026-06-14 15:51:15,728 - INFO - 结果保存完成：/data/aj/Alpha-Factor-Mining/results/metrics/cycle_0004_20260614_154235_final_metrics.csv，1 个因子入库
2026-06-14 15:51:15,728 - INFO - ===== 第 4 轮完成，入库 1 个因子 =====
2026-06-14 15:51:15,729 - INFO - 累计完成 4 轮循环
2026-06-14 15:51:15,729 - INFO - ===== 开始第 5 轮循环 (20260614_155115) =====
2026-06-14 15:51:15,730 - INFO - AlphaJungleMCTS 样本内挖掘启动：search_budget=24, uct_c=0.7, top_forbidden_subtrees=5
2026-06-14 15:51:24,039 - INFO - 自适应 UCT 已启用：C_max=1.0, C_min=0.5, decay=cosine
2026-06-14 15:59:13,242 - INFO - AlphaJungleMCTS 训练期 alpha-20260614_155115_MCTS_020 未通过筛选：ic_20_mean=0.0356 未满足 abs_gt 0.04
2026-06-14 15:59:26,131 - INFO - AlphaJungleMCTS 训练期 alpha-20260614_155115_MCTS_014 未通过筛选：ic_20_mean=0.0275 未满足 abs_gt 0.04
2026-06-14 15:59:34,806 - INFO - AlphaJungleMCTS 训练期 alpha-20260614_155115_MCTS_003 未通过筛选：ic_20_mean=-0.0322 未满足 abs_gt 0.04
2026-06-14 15:59:39,070 - INFO - AlphaJungleMCTS 训练期 alpha-20260614_155115_MCTS_016 未通过筛选：ic_20_mean=0.0343 未满足 abs_gt 0.04
2026-06-14 15:59:43,306 - INFO - AlphaJungleMCTS 训练期 alpha-20260614_155115_MCTS_004 未通过筛选：ic_20_mean=-0.0270 未满足 abs_gt 0.04
2026-06-14 15:59:48,751 - INFO - AlphaJungleMCTS 训练期 alpha-20260614_155115_MCTS_011 未通过筛选：ic_20_mean=-0.0320 未满足 abs_gt 0.04
2026-06-14 15:59:53,306 - INFO - AlphaJungleMCTS 训练期 alpha-20260614_155115_MCTS_012 未通过筛选：ic_20_mean=-0.0339 未满足 abs_gt 0.04
2026-06-14 15:59:58,120 - INFO - AlphaJungleMCTS 训练期 alpha-20260614_155115_MCTS_010 未通过筛选：ic_20_mean=-0.0263 未满足 abs_gt 0.04
2026-06-14 16:00:02,379 - INFO - AlphaJungleMCTS 训练期 alpha-20260614_155115_MCTS_005 未通过筛选：ic_20_mean=-0.0263 未满足 abs_gt 0.04
2026-06-14 16:00:07,826 - INFO - AlphaJungleMCTS 训练期 alpha-20260614_155115_MCTS_023 未通过筛选：ic_20_mean=0.0285 未满足 abs_gt 0.04
2026-06-14 16:00:13,197 - INFO - AlphaJungleMCTS 训练期 alpha-20260614_155115_MCTS_013 未通过筛选：ic_20_mean=-0.0195 未满足 abs_gt 0.04
2026-06-14 16:00:17,431 - INFO - AlphaJungleMCTS 训练期 alpha-20260614_155115_MCTS_008 未通过筛选：ic_5_mean=-0.0176 未满足 abs_gt 0.02
2026-06-14 16:00:21,854 - INFO - AlphaJungleMCTS 训练期 alpha-20260614_155115_MCTS_018 未通过筛选：ic_5_mean=0.0174 未满足 abs_gt 0.02
2026-06-14 16:00:21,855 - INFO - AlphaJungleMCTS 训练期 筛选完成：20 → 7 个因子
2026-06-14 16:00:21,856 - INFO - MMR 筛选（AlphaJungleMCTS）
2026-06-14 16:00:54,888 - INFO - 计算相关性矩阵：7 个候选 + 2 个 baseline = 9 个因子
2026-06-14 16:01:00,529 - INFO - MMR 选择完成（AlphaJungleMCTS）：7 → 7 个因子
2026-06-14 16:01:01,326 - INFO - MCTS 搜索树可视化已保存到 viz_output/
2026-06-14 16:01:01,326 - INFO - 样本外验证（20200101 - 20250430）
2026-06-14 16:01:57,983 - INFO - 样本外指标 筛选完成：7 → 7 个因子
2026-06-14 16:01:58,506 - INFO - alpha-20260614_155115_MCTS_015 通过所有验证条件
2026-06-14 16:01:59,025 - INFO - alpha-20260614_155115_MCTS_019 通过所有验证条件
2026-06-14 16:01:59,545 - INFO - alpha-20260614_155115_MCTS_022 通过所有验证条件
2026-06-14 16:02:00,066 - INFO - alpha-20260614_155115_MCTS_001 通过所有验证条件
2026-06-14 16:02:00,593 - INFO - alpha-20260614_155115_MCTS_002 通过所有验证条件
2026-06-14 16:02:01,110 - INFO - alpha-20260614_155115_MCTS_006 通过所有验证条件
2026-06-14 16:02:01,627 - INFO - alpha-20260614_155115_MCTS_007 通过所有验证条件
2026-06-14 16:03:12,293 - INFO - 通过验证的因子：7 个
2026-06-14 16:03:22,808 - INFO - 结果保存完成：/data/aj/Alpha-Factor-Mining/results/metrics/cycle_0005_20260614_155115_final_metrics.csv，7 个因子入库
2026-06-14 16:03:22,809 - INFO - ===== 第 5 轮完成，入库 7 个因子 =====
2026-06-14 16:03:22,809 - INFO - 累计完成 5 轮循环
2026-06-14 16:03:22,809 - INFO - ===== 开始第 6 轮循环 (20260614_160322) =====
2026-06-14 16:03:22,809 - INFO - AlphaJungleMCTS 样本内挖掘启动：search_budget=24, uct_c=0.7, top_forbidden_subtrees=5
2026-06-14 16:03:37,560 - INFO - 自适应 UCT 已启用：C_max=1.0, C_min=0.5, decay=cosine
2026-06-14 16:11:20,071 - INFO - AlphaJungleMCTS 训练期 alpha-20260614_160322_MCTS_023 未通过筛选：ic_20_mean=-0.0160 未满足 abs_gt 0.04
2026-06-14 16:11:24,595 - INFO - AlphaJungleMCTS 训练期 alpha-20260614_160322_MCTS_014 未通过筛选：ic_20_mean=-0.0105 未满足 abs_gt 0.04
2026-06-14 16:11:28,814 - INFO - AlphaJungleMCTS 训练期 alpha-20260614_160322_MCTS_021 未通过筛选：ic_20_mean=-0.0106 未满足 abs_gt 0.04
2026-06-14 16:11:33,035 - INFO - AlphaJungleMCTS 训练期 alpha-20260614_160322_MCTS_012 未通过筛选：ic_20_mean=-0.0115 未满足 abs_gt 0.04
2026-06-14 16:11:37,303 - INFO - AlphaJungleMCTS 训练期 alpha-20260614_160322_MCTS_019 未通过筛选：ic_20_mean=-0.0126 未满足 abs_gt 0.04
2026-06-14 16:11:42,795 - INFO - AlphaJungleMCTS 训练期 alpha-20260614_160322_MCTS_011 未通过筛选：ic_20_mean=-0.0121 未满足 abs_gt 0.04
2026-06-14 16:11:48,299 - INFO - AlphaJungleMCTS 训练期 alpha-20260614_160322_MCTS_004 未通过筛选：ic_20_mean=-0.0144 未满足 abs_gt 0.04
2026-06-14 16:11:52,581 - INFO - AlphaJungleMCTS 训练期 alpha-20260614_160322_MCTS_005 未通过筛选：ic_20_mean=-0.0103 未满足 abs_gt 0.04
2026-06-14 16:11:56,828 - INFO - AlphaJungleMCTS 训练期 alpha-20260614_160322_MCTS_009 未通过筛选：ic_20_mean=-0.0131 未满足 abs_gt 0.04
2026-06-14 16:12:01,101 - INFO - AlphaJungleMCTS 训练期 alpha-20260614_160322_MCTS_022 未通过筛选：ic_20_mean=-0.0073 未满足 abs_gt 0.04
2026-06-14 16:12:06,144 - INFO - AlphaJungleMCTS 训练期 alpha-20260614_160322_MCTS_013 未通过筛选：ic_20_mean=-0.0103 未满足 abs_gt 0.04
2026-06-14 16:12:10,720 - INFO - AlphaJungleMCTS 训练期 alpha-20260614_160322_MCTS_016 未通过筛选：ic_20_mean=-0.0109 未满足 abs_gt 0.04
2026-06-14 16:12:15,639 - INFO - AlphaJungleMCTS 训练期 alpha-20260614_160322_MCTS_002 未通过筛选：ic_20_mean=-0.0113 未满足 abs_gt 0.04
2026-06-14 16:12:19,930 - INFO - AlphaJungleMCTS 训练期 alpha-20260614_160322_MCTS_020 未通过筛选：ic_20_mean=-0.0108 未满足 abs_gt 0.04
2026-06-14 16:12:24,197 - INFO - AlphaJungleMCTS 训练期 alpha-20260614_160322_MCTS_003 未通过筛选：ic_20_mean=-0.0097 未满足 abs_gt 0.04
2026-06-14 16:12:28,493 - INFO - AlphaJungleMCTS 训练期 alpha-20260614_160322_MCTS_001 未通过筛选：ic_20_mean=-0.0107 未满足 abs_gt 0.04
2026-06-14 16:12:32,731 - INFO - AlphaJungleMCTS 训练期 alpha-20260614_160322_MCTS_015 未通过筛选：ic_20_mean=-0.0113 未满足 abs_gt 0.04
2026-06-14 16:12:36,895 - INFO - AlphaJungleMCTS 训练期 alpha-20260614_160322_MCTS_008 未通过筛选：ic_20_mean=-0.0090 未满足 abs_gt 0.04
2026-06-14 16:12:41,115 - INFO - AlphaJungleMCTS 训练期 alpha-20260614_160322_MCTS_017 未通过筛选：ic_20_mean=-0.0082 未满足 abs_gt 0.04
2026-06-14 16:12:41,115 - WARNING - AlphaJungleMCTS 训练期 没有因子通过指标筛选
2026-06-14 16:12:41,564 - INFO - MCTS 搜索树可视化已保存到 viz_output/
2026-06-14 16:12:41,565 - WARNING - 样本内挖掘结果为空，跳过本轮
2026-06-14 16:12:41,565 - INFO - 本轮失败，等待 3s 后重试...
2026-06-14 16:12:44,568 - INFO - ===== 开始第 7 轮循环 (20260614_161244) =====
2026-06-14 16:12:44,568 - INFO - AlphaJungleMCTS 样本内挖掘启动：search_budget=24, uct_c=0.7, top_forbidden_subtrees=5
2026-06-14 16:13:02,330 - INFO - 自适应 UCT 已启用：C_max=1.0, C_min=0.5, decay=cosine
2026-06-14 16:24:04,171 - INFO - AlphaJungleMCTS 训练期 alpha-20260614_161244_MCTS_020 未通过筛选：ic_20_mean=-0.0194 未满足 abs_gt 0.04
2026-06-14 16:24:08,989 - INFO - AlphaJungleMCTS 训练期 alpha-20260614_161244_MCTS_008 未通过筛选：ic_20_mean=-0.0242 未满足 abs_gt 0.04
2026-06-14 16:24:13,333 - INFO - AlphaJungleMCTS 训练期 alpha-20260614_161244_MCTS_023 未通过筛选：ic_5_mean=-0.0141 未满足 abs_gt 0.02
2026-06-14 16:24:17,500 - INFO - AlphaJungleMCTS 训练期 alpha-20260614_161244_MCTS_017 未通过筛选：ic_20_mean=-0.0142 未满足 abs_gt 0.04
2026-06-14 16:24:21,759 - INFO - AlphaJungleMCTS 训练期 alpha-20260614_161244_MCTS_009 未通过筛选：ic_20_mean=-0.0253 未满足 abs_gt 0.04
2026-06-14 16:24:26,047 - INFO - AlphaJungleMCTS 训练期 alpha-20260614_161244_MCTS_010 未通过筛选：ic_20_mean=-0.0249 未满足 abs_gt 0.04
2026-06-14 16:24:30,380 - INFO - AlphaJungleMCTS 训练期 alpha-20260614_161244_MCTS_011 未通过筛选：ic_20_mean=-0.0177 未满足 abs_gt 0.04
2026-06-14 16:24:35,284 - INFO - AlphaJungleMCTS 训练期 alpha-20260614_161244_MCTS_016 未通过筛选：ic_20_mean=-0.0123 未满足 abs_gt 0.04
2026-06-14 16:24:39,756 - INFO - AlphaJungleMCTS 训练期 alpha-20260614_161244_MCTS_002 未通过筛选：ic_20_mean=-0.0145 未满足 abs_gt 0.04
2026-06-14 16:24:45,091 - INFO - AlphaJungleMCTS 训练期 alpha-20260614_161244_MCTS_014 未通过筛选：ic_5_mean=-0.0163 未满足 abs_gt 0.02
2026-06-14 16:24:49,682 - INFO - AlphaJungleMCTS 训练期 alpha-20260614_161244_MCTS_006 未通过筛选：ic_5_mean=-0.0180 未满足 abs_gt 0.02
2026-06-14 16:24:54,543 - INFO - AlphaJungleMCTS 训练期 alpha-20260614_161244_MCTS_005 未通过筛选：ic_5_mean=-0.0162 未满足 abs_gt 0.02
2026-06-14 16:24:58,999 - INFO - AlphaJungleMCTS 训练期 alpha-20260614_161244_MCTS_004 未通过筛选：ic_5_mean=-0.0163 未满足 abs_gt 0.02
2026-06-14 16:25:03,791 - INFO - AlphaJungleMCTS 训练期 alpha-20260614_161244_MCTS_019 未通过筛选：ic_20_mean=-0.0141 未满足 abs_gt 0.04
2026-06-14 16:25:08,244 - INFO - AlphaJungleMCTS 训练期 alpha-20260614_161244_MCTS_003 未通过筛选：ic_20_mean=-0.0134 未满足 abs_gt 0.04
2026-06-14 16:25:12,836 - INFO - AlphaJungleMCTS 训练期 alpha-20260614_161244_MCTS_007 未通过筛选：ic_5_mean=-0.0189 未满足 abs_gt 0.02
2026-06-14 16:25:17,210 - INFO - AlphaJungleMCTS 训练期 alpha-20260614_161244_MCTS_001 未通过筛选：ic_20_mean=-0.0099 未满足 abs_gt 0.04
2026-06-14 16:25:21,646 - INFO - AlphaJungleMCTS 训练期 alpha-20260614_161244_MCTS_018 未通过筛选：ic_20_mean=-0.0169 未满足 abs_gt 0.04
2026-06-14 16:25:26,224 - INFO - AlphaJungleMCTS 训练期 alpha-20260614_161244_MCTS_012 未通过筛选：ic_20_mean=-0.0104 未满足 abs_gt 0.04
2026-06-14 16:25:30,838 - INFO - AlphaJungleMCTS 训练期 alpha-20260614_161244_MCTS_013 未通过筛选：ic_5_mean=-0.0197 未满足 abs_gt 0.02
2026-06-14 16:25:30,839 - WARNING - AlphaJungleMCTS 训练期 没有因子通过指标筛选
2026-06-14 16:25:31,679 - INFO - MCTS 搜索树可视化已保存到 viz_output/
2026-06-14 16:25:31,679 - WARNING - 样本内挖掘结果为空，跳过本轮
2026-06-14 16:25:31,679 - INFO - 本轮失败，等待 3s 后重试...
2026-06-14 16:25:34,682 - INFO - ===== 开始第 8 轮循环 (20260614_162534) =====
2026-06-14 16:25:34,683 - INFO - AlphaJungleMCTS 样本内挖掘启动：search_budget=24, uct_c=0.7, top_forbidden_subtrees=5
2026-06-14 16:25:53,803 - INFO - 自适应 UCT 已启用：C_max=1.0, C_min=0.5, decay=cosine
2026-06-14 16:36:53,695 - INFO - AlphaJungleMCTS 训练期 alpha-20260614_162534_MCTS_022 未通过筛选：ic_20_mean=-0.0393 未满足 abs_gt 0.04
2026-06-14 16:37:02,667 - INFO - AlphaJungleMCTS 训练期 alpha-20260614_162534_MCTS_018 未通过筛选：ic_5_mean=-0.0140 未满足 abs_gt 0.02
2026-06-14 16:37:11,518 - INFO - AlphaJungleMCTS 训练期 alpha-20260614_162534_MCTS_012 未通过筛选：ic_20_mean=-0.0284 未满足 abs_gt 0.04
2026-06-14 16:37:21,027 - INFO - AlphaJungleMCTS 训练期 alpha-20260614_162534_MCTS_017 未通过筛选：ic_20_mean=-0.0378 未满足 abs_gt 0.04
2026-06-14 16:37:25,543 - INFO - AlphaJungleMCTS 训练期 alpha-20260614_162534_MCTS_019 未通过筛选：ic_5_mean=-0.0130 未满足 abs_gt 0.02
2026-06-14 16:37:30,047 - INFO - AlphaJungleMCTS 训练期 alpha-20260614_162534_MCTS_016 未通过筛选：ic_5_mean=-0.0101 未满足 abs_gt 0.02
2026-06-14 16:37:30,049 - INFO - AlphaJungleMCTS 训练期 筛选完成：20 → 14 个因子
2026-06-14 16:37:30,049 - INFO - MMR 筛选（AlphaJungleMCTS）
2026-06-14 16:39:20,993 - INFO - 计算相关性矩阵：14 个候选 + 9 个 baseline = 23 个因子
2026-06-14 16:39:51,857 - INFO - MMR 选择完成（AlphaJungleMCTS）：14 → 14 个因子
2026-06-14 16:39:52,370 - INFO - MCTS 搜索树可视化已保存到 viz_output/
2026-06-14 16:39:52,370 - INFO - 样本外验证（20200101 - 20250430）
2026-06-14 16:42:12,912 - INFO - 样本外指标 alpha-20260614_162534_MCTS_015 未通过筛选：ic_20_mean=-0.0348 未满足 abs_gt 0.04
2026-06-14 16:42:18,699 - INFO - 样本外指标 筛选完成：14 → 13 个因子
2026-06-14 16:42:21,900 - INFO - alpha-20260614_162534_MCTS_013 通过所有验证条件
2026-06-14 16:42:24,265 - INFO - alpha-20260614_162534_MCTS_002 通过所有验证条件
2026-06-14 16:42:26,569 - INFO - alpha-20260614_162534_MCTS_021 通过所有验证条件
2026-06-14 16:42:28,940 - INFO - alpha-20260614_162534_MCTS_009 通过所有验证条件
2026-06-14 16:42:32,459 - INFO - alpha-20260614_162534_MCTS_001 通过所有验证条件
2026-06-14 16:42:35,307 - INFO - alpha-20260614_162534_MCTS_011 通过所有验证条件
2026-06-14 16:42:37,658 - INFO - alpha-20260614_162534_MCTS_004 通过所有验证条件
2026-06-14 16:42:39,999 - INFO - alpha-20260614_162534_MCTS_008 通过所有验证条件
2026-06-14 16:42:42,308 - INFO - alpha-20260614_162534_MCTS_003 通过所有验证条件
2026-06-14 16:42:44,610 - INFO - alpha-20260614_162534_MCTS_006 通过所有验证条件
2026-06-14 16:42:46,910 - INFO - alpha-20260614_162534_MCTS_005 通过所有验证条件
2026-06-14 16:42:49,212 - INFO - alpha-20260614_162534_MCTS_010 通过所有验证条件
2026-06-14 16:42:51,528 - INFO - alpha-20260614_162534_MCTS_014 通过所有验证条件
2026-06-14 16:45:58,937 - INFO - 通过验证的因子：13 个
2026-06-14 16:46:20,390 - INFO - 结果保存完成：/data/aj/Alpha-Factor-Mining/results/metrics/cycle_0008_20260614_162534_final_metrics.csv，13 个因子入库
2026-06-14 16:46:20,391 - INFO - ===== 第 8 轮完成，入库 13 个因子 =====
2026-06-14 16:46:20,391 - INFO - 累计完成 8 轮循环
2026-06-14 16:46:20,392 - INFO - ===== 开始第 9 轮循环 (20260614_164620) =====
2026-06-14 16:46:20,392 - INFO - AlphaJungleMCTS 样本内挖掘启动：search_budget=24, uct_c=0.7, top_forbidden_subtrees=5
2026-06-14 16:47:11,471 - INFO - 自适应 UCT 已启用：C_max=1.0, C_min=0.5, decay=cosine
2026-06-14 17:01:14,717 - INFO - AlphaJungleMCTS 训练期 筛选完成：17 → 17 个因子
2026-06-14 17:01:14,718 - INFO - MMR 筛选（AlphaJungleMCTS）
2026-06-14 17:04:45,125 - INFO - 计算相关性矩阵：17 个候选 + 22 个 baseline = 39 个因子
2026-06-14 17:06:34,559 - INFO - MMR 选择完成（AlphaJungleMCTS）：17 → 17 个因子
2026-06-14 17:06:35,004 - INFO - MCTS 搜索树可视化已保存到 viz_output/
2026-06-14 17:06:35,004 - INFO - 样本外验证（20200101 - 20250430）
2026-06-14 17:10:37,926 - INFO - 样本外指标 筛选完成：17 → 17 个因子
2026-06-14 17:10:43,628 - INFO - alpha-20260614_164620_MCTS_016 通过所有验证条件
2026-06-14 17:10:49,217 - INFO - alpha-20260614_164620_MCTS_022 通过所有验证条件
2026-06-14 17:10:54,818 - INFO - alpha-20260614_164620_MCTS_002 通过所有验证条件
2026-06-14 17:11:00,408 - INFO - alpha-20260614_164620_MCTS_007 通过所有验证条件
2026-06-14 17:11:05,997 - INFO - alpha-20260614_164620_MCTS_008 通过所有验证条件
2026-06-14 17:11:11,585 - INFO - alpha-20260614_164620_MCTS_005 通过所有验证条件
2026-06-14 17:11:17,173 - INFO - alpha-20260614_164620_MCTS_015 通过所有验证条件
2026-06-14 17:11:22,756 - INFO - alpha-20260614_164620_MCTS_012 通过所有验证条件
2026-06-14 17:11:28,367 - INFO - alpha-20260614_164620_MCTS_014 通过所有验证条件
2026-06-14 17:11:34,051 - INFO - alpha-20260614_164620_MCTS_004 通过所有验证条件
2026-06-14 17:11:39,747 - INFO - alpha-20260614_164620_MCTS_018 通过所有验证条件
2026-06-14 17:11:45,359 - INFO - alpha-20260614_164620_MCTS_023 通过所有验证条件
2026-06-14 17:11:50,977 - INFO - alpha-20260614_164620_MCTS_017 通过所有验证条件
2026-06-14 17:11:56,550 - INFO - alpha-20260614_164620_MCTS_019 通过所有验证条件
2026-06-14 17:12:02,132 - INFO - alpha-20260614_164620_MCTS_011 通过所有验证条件
2026-06-14 17:12:07,728 - INFO - alpha-20260614_164620_MCTS_013 通过所有验证条件
2026-06-14 17:12:13,299 - INFO - alpha-20260614_164620_MCTS_006 通过所有验证条件
2026-06-14 17:18:42,426 - INFO - 通过验证的因子：17 个
2026-06-14 17:19:07,103 - INFO - 结果保存完成：/data/aj/Alpha-Factor-Mining/results/metrics/cycle_0009_20260614_164620_final_metrics.csv，17 个因子入库
2026-06-14 17:19:07,103 - INFO - ===== 第 9 轮完成，入库 17 个因子 =====
2026-06-14 17:19:07,103 - INFO - 累计完成 9 轮循环
2026-06-14 17:19:07,103 - INFO - ===== 开始第 10 轮循环 (20260614_171907) =====
2026-06-14 17:19:07,103 - INFO - AlphaJungleMCTS 样本内挖掘启动：search_budget=24, uct_c=0.7, top_forbidden_subtrees=5
2026-06-14 17:19:57,798 - WARNING - AlphaJungleMCTS 根节点生成失败
2026-06-14 17:19:58,235 - INFO - MCTS 搜索树可视化已保存到 viz_output/
2026-06-14 17:19:58,235 - WARNING - 样本内挖掘结果为空，跳过本轮
2026-06-14 17:19:58,235 - INFO - 本轮失败，等待 3s 后重试...
2026-06-14 17:20:01,238 - INFO - ===== 开始第 11 轮循环 (20260614_172001) =====
2026-06-14 17:20:01,239 - INFO - AlphaJungleMCTS 样本内挖掘启动：search_budget=24, uct_c=0.7, top_forbidden_subtrees=5
2026-06-14 17:20:41,613 - INFO - 自适应 UCT 已启用：C_max=1.0, C_min=0.5, decay=cosine
2026-06-14 17:46:38,130 - INFO - AlphaJungleMCTS 训练期 alpha-20260614_172001_MCTS_011 未通过筛选：ic_20_mean=0.0339 未满足 abs_gt 0.04
2026-06-14 17:46:38,131 - INFO - AlphaJungleMCTS 训练期 筛选完成：14 → 13 个因子
2026-06-14 17:46:38,131 - INFO - MMR 筛选（AlphaJungleMCTS）
2026-06-14 17:48:48,990 - INFO - 计算相关性矩阵：13 个候选 + 39 个 baseline = 52 个因子
2026-06-14 17:52:15,658 - INFO - MMR 选择完成（AlphaJungleMCTS）：13 → 13 个因子
2026-06-14 17:52:16,029 - INFO - MCTS 搜索树可视化已保存到 viz_output/
2026-06-14 17:52:16,029 - INFO - 样本外验证（20200101 - 20250430）
2026-06-14 17:55:00,164 - INFO - 样本外指标 筛选完成：13 → 13 个因子
2026-06-14 17:55:09,892 - INFO - alpha-20260614_172001_MCTS_005 通过所有验证条件
2026-06-14 17:55:19,645 - INFO - alpha-20260614_172001_MCTS_004 通过所有验证条件
2026-06-14 17:55:29,365 - INFO - alpha-20260614_172001_MCTS_003 通过所有验证条件
2026-06-14 17:55:39,069 - INFO - alpha-20260614_172001_MCTS_001 通过所有验证条件
2026-06-14 17:55:48,820 - INFO - alpha-20260614_172001_MCTS_008 通过所有验证条件
2026-06-14 17:55:58,650 - INFO - alpha-20260614_172001_MCTS_021 通过所有验证条件
2026-06-14 17:56:08,347 - INFO - alpha-20260614_172001_MCTS_019 通过所有验证条件
2026-06-14 17:56:18,099 - INFO - alpha-20260614_172001_MCTS_012 通过所有验证条件
2026-06-14 17:56:27,825 - INFO - alpha-20260614_172001_MCTS_010 通过所有验证条件
2026-06-14 17:56:37,535 - INFO - alpha-20260614_172001_MCTS_009 通过所有验证条件
2026-06-14 17:56:47,240 - INFO - alpha-20260614_172001_MCTS_006 通过所有验证条件
2026-06-14 17:56:56,972 - INFO - alpha-20260614_172001_MCTS_016 通过所有验证条件
2026-06-14 17:57:06,699 - INFO - alpha-20260614_172001_MCTS_022 通过所有验证条件
2026-06-14 18:01:15,414 - INFO - 通过验证的因子：13 个
2026-06-14 18:01:33,430 - INFO - 结果保存完成：/data/aj/Alpha-Factor-Mining/results/metrics/cycle_0011_20260614_172001_final_metrics.csv，13 个因子入库
2026-06-14 18:01:33,430 - INFO - ===== 第 11 轮完成，入库 13 个因子 =====
2026-06-14 18:01:33,431 - INFO - 累计完成 11 轮循环
2026-06-14 18:01:33,431 - INFO - ===== 开始第 12 轮循环 (20260614_180133) =====
2026-06-14 18:01:33,431 - INFO - AlphaJungleMCTS 样本内挖掘启动：search_budget=24, uct_c=0.7, top_forbidden_subtrees=5
2026-06-14 18:02:06,510 - WARNING - AlphaJungleMCTS 根节点生成失败
2026-06-14 18:02:06,873 - INFO - MCTS 搜索树可视化已保存到 viz_output/
2026-06-14 18:02:06,874 - WARNING - 样本内挖掘结果为空，跳过本轮
2026-06-14 18:02:06,874 - INFO - 本轮失败，等待 3s 后重试...
2026-06-14 18:02:09,877 - INFO - ===== 开始第 13 轮循环 (20260614_180209) =====
2026-06-14 18:02:09,877 - INFO - AlphaJungleMCTS 样本内挖掘启动：search_budget=24, uct_c=0.7, top_forbidden_subtrees=5
2026-06-14 18:02:56,925 - INFO - 自适应 UCT 已启用：C_max=1.0, C_min=0.5, decay=cosine
2026-06-14 18:22:18,046 - INFO - AlphaJungleMCTS 训练期 alpha-20260614_180209_MCTS_014 未通过筛选：ic_20_mean=-0.0384 未满足 abs_gt 0.04
2026-06-14 18:22:31,371 - INFO - AlphaJungleMCTS 训练期 alpha-20260614_180209_MCTS_005 未通过筛选：ic_20_mean=-0.0305 未满足 abs_gt 0.04
2026-06-14 18:22:35,910 - INFO - AlphaJungleMCTS 训练期 alpha-20260614_180209_MCTS_021 未通过筛选：ic_20_mean=-0.0335 未满足 abs_gt 0.04
2026-06-14 18:22:40,288 - INFO - AlphaJungleMCTS 训练期 alpha-20260614_180209_MCTS_012 未通过筛选：ic_20_mean=-0.0308 未满足 abs_gt 0.04
2026-06-14 18:22:44,970 - INFO - AlphaJungleMCTS 训练期 alpha-20260614_180209_MCTS_011 未通过筛选：ic_20_mean=-0.0265 未满足 abs_gt 0.04
2026-06-14 18:22:49,504 - INFO - AlphaJungleMCTS 训练期 alpha-20260614_180209_MCTS_008 未通过筛选：ic_20_mean=-0.0292 未满足 abs_gt 0.04
2026-06-14 18:22:54,355 - INFO - AlphaJungleMCTS 训练期 alpha-20260614_180209_MCTS_003 未通过筛选：ic_20_mean=-0.0294 未满足 abs_gt 0.04
2026-06-14 18:22:58,779 - INFO - AlphaJungleMCTS 训练期 alpha-20260614_180209_MCTS_002 未通过筛选：ic_20_mean=-0.0263 未满足 abs_gt 0.04
2026-06-14 18:23:03,157 - INFO - AlphaJungleMCTS 训练期 alpha-20260614_180209_MCTS_016 未通过筛选：ic_20_mean=-0.0355 未满足 abs_gt 0.04
2026-06-14 18:23:07,722 - INFO - AlphaJungleMCTS 训练期 alpha-20260614_180209_MCTS_018 未通过筛选：ic_20_mean=-0.0340 未满足 abs_gt 0.04
2026-06-14 18:23:12,046 - INFO - AlphaJungleMCTS 训练期 alpha-20260614_180209_MCTS_001 未通过筛选：ic_20_mean=-0.0255 未满足 abs_gt 0.04
2026-06-14 18:23:16,344 - INFO - AlphaJungleMCTS 训练期 alpha-20260614_180209_MCTS_015 未通过筛选：ic_20_mean=-0.0240 未满足 abs_gt 0.04
2026-06-14 18:23:20,665 - INFO - AlphaJungleMCTS 训练期 alpha-20260614_180209_MCTS_017 未通过筛选：ic_20_mean=-0.0110 未满足 abs_gt 0.04
2026-06-14 18:23:20,666 - INFO - AlphaJungleMCTS 训练期 筛选完成：19 → 6 个因子
2026-06-14 18:23:20,666 - INFO - MMR 筛选（AlphaJungleMCTS）
2026-06-14 18:25:19,189 - INFO - 计算相关性矩阵：6 个候选 + 52 个 baseline = 58 个因子
2026-06-14 18:29:17,138 - INFO - MMR 选择完成（AlphaJungleMCTS）：6 → 6 个因子
2026-06-14 18:29:17,602 - INFO - MCTS 搜索树可视化已保存到 viz_output/
2026-06-14 18:29:17,602 - INFO - 样本外验证（20200101 - 20250430）
2026-06-14 18:31:25,891 - INFO - 样本外指标 筛选完成：6 → 6 个因子
2026-06-14 18:31:39,437 - INFO - alpha-20260614_180209_MCTS_022 通过所有验证条件
2026-06-14 18:31:52,912 - INFO - alpha-20260614_180209_MCTS_020 通过所有验证条件
2026-06-14 18:32:06,377 - INFO - alpha-20260614_180209_MCTS_019 通过所有验证条件
2026-06-14 18:32:19,864 - INFO - alpha-20260614_180209_MCTS_023 通过所有验证条件
2026-06-14 18:32:33,327 - INFO - alpha-20260614_180209_MCTS_013 通过所有验证条件
2026-06-14 18:32:46,863 - INFO - alpha-20260614_180209_MCTS_007 通过所有验证条件
2026-06-14 18:36:35,939 - INFO - 通过验证的因子：6 个
2026-06-14 18:36:44,862 - INFO - 结果保存完成：/data/aj/Alpha-Factor-Mining/results/metrics/cycle_0013_20260614_180209_final_metrics.csv，6 个因子入库
2026-06-14 18:36:44,862 - INFO - ===== 第 13 轮完成，入库 6 个因子 =====
2026-06-14 18:36:44,863 - INFO - 累计完成 13 轮循环
2026-06-14 18:36:44,863 - INFO - ===== 开始第 14 轮循环 (20260614_183644) =====
2026-06-14 18:36:44,863 - INFO - AlphaJungleMCTS 样本内挖掘启动：search_budget=24, uct_c=0.7, top_forbidden_subtrees=5
2026-06-14 18:37:22,562 - WARNING - AlphaJungleMCTS 根节点生成失败
2026-06-14 18:37:23,018 - INFO - MCTS 搜索树可视化已保存到 viz_output/
2026-06-14 18:37:23,018 - WARNING - 样本内挖掘结果为空，跳过本轮
2026-06-14 18:37:23,018 - INFO - 本轮失败，等待 3s 后重试...
2026-06-14 18:37:26,021 - INFO - ===== 开始第 15 轮循环 (20260614_183726) =====
2026-06-14 18:37:26,022 - INFO - AlphaJungleMCTS 样本内挖掘启动：search_budget=24, uct_c=0.7, top_forbidden_subtrees=5
2026-06-14 18:37:58,846 - WARNING - AlphaJungleMCTS 根节点生成失败
2026-06-14 18:37:59,551 - INFO - MCTS 搜索树可视化已保存到 viz_output/
2026-06-14 18:37:59,552 - WARNING - 样本内挖掘结果为空，跳过本轮
2026-06-14 18:37:59,552 - INFO - 本轮失败，等待 3s 后重试...
2026-06-14 18:38:02,555 - INFO - ===== 开始第 16 轮循环 (20260614_183802) =====
2026-06-14 18:38:02,555 - INFO - AlphaJungleMCTS 样本内挖掘启动：search_budget=24, uct_c=0.7, top_forbidden_subtrees=5
2026-06-14 18:38:57,398 - INFO - 自适应 UCT 已启用：C_max=1.0, C_min=0.5, decay=cosine
2026-06-14 19:02:04,024 - INFO - AlphaJungleMCTS 训练期 筛选完成：18 → 18 个因子
2026-06-14 19:02:04,024 - INFO - MMR 筛选（AlphaJungleMCTS）
2026-06-14 19:06:01,061 - INFO - 计算相关性矩阵：18 个候选 + 58 个 baseline = 76 个因子
2026-06-14 19:11:02,663 - INFO - MMR 选择完成（AlphaJungleMCTS）：18 → 18 个因子
2026-06-14 19:11:03,124 - INFO - MCTS 搜索树可视化已保存到 viz_output/
2026-06-14 19:11:03,124 - INFO - 样本外验证（20200101 - 20250430）
2026-06-14 19:15:14,563 - INFO - 样本外指标 筛选完成：18 → 18 个因子
2026-06-14 19:15:30,126 - INFO - alpha-20260614_183802_MCTS_014 通过所有验证条件
2026-06-14 19:15:44,614 - INFO - alpha-20260614_183802_MCTS_002 通过所有验证条件
2026-06-14 19:15:59,629 - INFO - alpha-20260614_183802_MCTS_020 通过所有验证条件
2026-06-14 19:16:16,905 - INFO - alpha-20260614_183802_MCTS_013 通过所有验证条件
2026-06-14 19:16:31,888 - INFO - alpha-20260614_183802_MCTS_004 通过所有验证条件
2026-06-14 19:16:46,773 - INFO - alpha-20260614_183802_MCTS_011 通过所有验证条件
2026-06-14 19:17:01,608 - INFO - alpha-20260614_183802_MCTS_021 通过所有验证条件
2026-06-14 19:17:16,406 - INFO - alpha-20260614_183802_MCTS_006 通过所有验证条件
2026-06-14 19:17:31,130 - INFO - alpha-20260614_183802_MCTS_007 通过所有验证条件
2026-06-14 19:17:45,906 - INFO - alpha-20260614_183802_MCTS_003 通过所有验证条件
2026-06-14 19:18:00,766 - INFO - alpha-20260614_183802_MCTS_015 通过所有验证条件
2026-06-14 19:18:15,533 - INFO - alpha-20260614_183802_MCTS_005 通过所有验证条件
2026-06-14 19:18:30,241 - INFO - alpha-20260614_183802_MCTS_019 通过所有验证条件
2026-06-14 19:18:44,991 - INFO - alpha-20260614_183802_MCTS_010 通过所有验证条件
2026-06-14 19:19:00,950 - INFO - alpha-20260614_183802_MCTS_016 通过所有验证条件
2026-06-14 19:19:16,520 - INFO - alpha-20260614_183802_MCTS_008 通过所有验证条件
2026-06-14 19:19:31,316 - INFO - alpha-20260614_183802_MCTS_018 通过所有验证条件
2026-06-14 19:19:46,080 - INFO - alpha-20260614_183802_MCTS_009 通过所有验证条件
2026-06-14 19:26:53,139 - INFO - 通过验证的因子：18 个
2026-06-14 19:27:17,845 - INFO - 结果保存完成：/data/aj/Alpha-Factor-Mining/results/metrics/cycle_0016_20260614_183802_final_metrics.csv，18 个因子入库
2026-06-14 19:27:17,845 - INFO - ===== 第 16 轮完成，入库 18 个因子 =====
2026-06-14 19:27:17,845 - INFO - 累计完成 16 轮循环
2026-06-14 19:27:17,845 - INFO - ===== 开始第 17 轮循环 (20260614_192717) =====
2026-06-14 19:27:17,846 - INFO - AlphaJungleMCTS 样本内挖掘启动：search_budget=24, uct_c=0.7, top_forbidden_subtrees=5
2026-06-14 19:28:22,549 - WARNING - AlphaJungleMCTS 根节点生成失败
2026-06-14 19:28:23,231 - INFO - MCTS 搜索树可视化已保存到 viz_output/
2026-06-14 19:28:23,231 - WARNING - 样本内挖掘结果为空，跳过本轮
2026-06-14 19:28:23,232 - INFO - 本轮失败，等待 3s 后重试...
2026-06-14 19:28:26,235 - INFO - ===== 开始第 18 轮循环 (20260614_192826) =====
2026-06-14 19:28:26,235 - INFO - AlphaJungleMCTS 样本内挖掘启动：search_budget=24, uct_c=0.7, top_forbidden_subtrees=5
2026-06-14 19:29:16,486 - WARNING - AlphaJungleMCTS 根节点生成失败
2026-06-14 19:29:16,946 - INFO - MCTS 搜索树可视化已保存到 viz_output/
2026-06-14 19:29:16,947 - WARNING - 样本内挖掘结果为空，跳过本轮
2026-06-14 19:29:16,947 - INFO - 本轮失败，等待 3s 后重试...
2026-06-14 19:29:19,950 - INFO - ===== 开始第 19 轮循环 (20260614_192919) =====
2026-06-14 19:29:19,950 - INFO - AlphaJungleMCTS 样本内挖掘启动：search_budget=24, uct_c=0.7, top_forbidden_subtrees=5
2026-06-14 19:30:09,443 - WARNING - AlphaJungleMCTS 根节点生成失败
2026-06-14 19:30:09,881 - INFO - MCTS 搜索树可视化已保存到 viz_output/
2026-06-14 19:30:09,881 - WARNING - 样本内挖掘结果为空，跳过本轮
2026-06-14 19:30:09,881 - INFO - 本轮失败，等待 3s 后重试...
2026-06-14 19:30:12,884 - INFO - ===== 开始第 20 轮循环 (20260614_193012) =====
2026-06-14 19:30:12,885 - INFO - AlphaJungleMCTS 样本内挖掘启动：search_budget=24, uct_c=0.7, top_forbidden_subtrees=5
2026-06-14 19:31:02,786 - WARNING - AlphaJungleMCTS 根节点生成失败
2026-06-14 19:31:03,500 - INFO - MCTS 搜索树可视化已保存到 viz_output/
2026-06-14 19:31:03,500 - WARNING - 样本内挖掘结果为空，跳过本轮
2026-06-14 19:31:03,500 - INFO - 本轮失败，等待 3s 后重试...
2026-06-14 19:31:06,503 - INFO - [STOP] 已达到最大轮次 20
